{"D:\\KM-BEJS-4\\Chapter 6\\CH6-BEJS-LUTHFIYAH SAKINAH-GITHUB\\app.js": {"path":"D:\\KM-BEJS-4\\Chapter 6\\CH6-BEJS-LUTHFIYAH SAKINAH-GITHUB\\app.js","statementMap":{"0":{"start":{"line":1,"column":16},"end":{"line":1,"column":34}},"1":{"start":{"line":2,"column":16},"end":{"line":2,"column":42}},"2":{"start":{"line":3,"column":12},"end":{"line":3,"column":21}},"3":{"start":{"line":4,"column":13},"end":{"line":4,"column":37}},"4":{"start":{"line":5,"column":13},"end":{"line":5,"column":28}},"5":{"start":{"line":6,"column":19},"end":{"line":6,"column":41}},"6":{"start":{"line":8,"column":17},"end":{"line":8,"column":36}},"7":{"start":{"line":9,"column":14},"end":{"line":9,"column":38}},"8":{"start":{"line":10,"column":0},"end":{"line":10,"column":39}},"9":{"start":{"line":13,"column":18},"end":{"line":13,"column":41}},"10":{"start":{"line":14,"column":19},"end":{"line":14,"column":43}},"11":{"start":{"line":15,"column":22},"end":{"line":15,"column":55}},"12":{"start":{"line":16,"column":23},"end":{"line":16,"column":57}},"13":{"start":{"line":19,"column":20},"end":{"line":19,"column":54}},"14":{"start":{"line":20,"column":13},"end":{"line":20,"column":30}},"15":{"start":{"line":21,"column":24},"end":{"line":21,"column":63}},"16":{"start":{"line":22,"column":18},"end":{"line":22,"column":47}},"17":{"start":{"line":26,"column":0},"end":{"line":26,"column":67}},"18":{"start":{"line":29,"column":0},"end":{"line":29,"column":52}},"19":{"start":{"line":30,"column":0},"end":{"line":30,"column":24}},"20":{"start":{"line":32,"column":0},"end":{"line":32,"column":17}},"21":{"start":{"line":33,"column":0},"end":{"line":37,"column":3}},"22":{"start":{"line":38,"column":0},"end":{"line":38,"column":30}},"23":{"start":{"line":39,"column":0},"end":{"line":39,"column":27}},"24":{"start":{"line":42,"column":0},"end":{"line":42,"column":67}},"25":{"start":{"line":43,"column":0},"end":{"line":43,"column":48}},"26":{"start":{"line":44,"column":0},"end":{"line":44,"column":30}},"27":{"start":{"line":46,"column":0},"end":{"line":46,"column":25}},"28":{"start":{"line":47,"column":0},"end":{"line":47,"column":30}},"29":{"start":{"line":48,"column":0},"end":{"line":48,"column":23}},"30":{"start":{"line":49,"column":0},"end":{"line":49,"column":24}},"31":{"start":{"line":52,"column":0},"end":{"line":54,"column":3}},"32":{"start":{"line":53,"column":4},"end":{"line":53,"column":41}},"33":{"start":{"line":58,"column":0},"end":{"line":58,"column":20}}},"fnMap":{"0":{"name":"(anonymous_0)","decl":{"start":{"line":52,"column":8},"end":{"line":52,"column":9}},"loc":{"start":{"line":52,"column":28},"end":{"line":54,"column":1}},"line":52}},"branchMap":{"0":{"loc":{"start":{"line":4,"column":13},"end":{"line":4,"column":37}},"type":"binary-expr","locations":[{"start":{"line":4,"column":13},"end":{"line":4,"column":29}},{"start":{"line":4,"column":33},"end":{"line":4,"column":37}}],"line":4}},"s":{"0":5,"1":5,"2":5,"3":5,"4":5,"5":5,"6":5,"7":5,"8":5,"9":5,"10":5,"11":5,"12":5,"13":5,"14":5,"15":5,"16":5,"17":5,"18":5,"19":5,"20":5,"21":5,"22":5,"23":5,"24":5,"25":5,"26":5,"27":5,"28":5,"29":5,"30":5,"31":5,"32":1,"33":5},"f":{"0":1},"b":{"0":[5,5]},"_coverageSchema":"1a1c01bbd47fc00a2c39e90264f33305004495a9","hash":"2c19d46ca94169cfb91260c2fd4a3bdc76fcc435"}
,"D:\\KM-BEJS-4\\Chapter 6\\CH6-BEJS-LUTHFIYAH SAKINAH-GITHUB\\controllers\\time.js": {"path":"D:\\KM-BEJS-4\\Chapter 6\\CH6-BEJS-LUTHFIYAH SAKINAH-GITHUB\\controllers\\time.js","statementMap":{"0":{"start":{"line":1,"column":15},"end":{"line":1,"column":32}},"1":{"start":{"line":3,"column":0},"end":{"line":8,"column":1}},"2":{"start":{"line":4,"column":11},"end":{"line":4,"column":86}},"3":{"start":{"line":5,"column":10},"end":{"line":5,"column":29}},"4":{"start":{"line":6,"column":10},"end":{"line":6,"column":67}},"5":{"start":{"line":7,"column":2},"end":{"line":7,"column":11}}},"fnMap":{"0":{"name":"getInterval","decl":{"start":{"line":3,"column":26},"end":{"line":3,"column":37}},"loc":{"start":{"line":3,"column":50},"end":{"line":8,"column":1}},"line":3}},"branchMap":{},"s":{"0":5,"1":5,"2":7,"3":7,"4":7,"5":7},"f":{"0":7},"b":{},"_coverageSchema":"1a1c01bbd47fc00a2c39e90264f33305004495a9","hash":"7fe9e69752c3c84bac68aa1d4cdbe9383985dbba"}
,"D:\\KM-BEJS-4\\Chapter 6\\CH6-BEJS-LUTHFIYAH SAKINAH-GITHUB\\controllers\\api\\api.home.js": {"path":"D:\\KM-BEJS-4\\Chapter 6\\CH6-BEJS-LUTHFIYAH SAKINAH-GITHUB\\controllers\\api\\api.home.js","statementMap":{"0":{"start":{"line":1,"column":0},"end":{"line":5,"column":4}},"1":{"start":{"line":2,"column":8},"end":{"line":4,"column":11}}},"fnMap":{"0":{"name":"(anonymous_0)","decl":{"start":{"line":1,"column":15},"end":{"line":1,"column":16}},"loc":{"start":{"line":1,"column":35},"end":{"line":5,"column":3}},"line":1}},"branchMap":{},"s":{"0":6,"1":1},"f":{"0":1},"b":{},"_coverageSchema":"1a1c01bbd47fc00a2c39e90264f33305004495a9","hash":"7a35fc0d78ab0c2400d78bc008a35533e450fe37"}
,"D:\\KM-BEJS-4\\Chapter 6\\CH6-BEJS-LUTHFIYAH SAKINAH-GITHUB\\controllers\\api\\authController.js": {"path":"D:\\KM-BEJS-4\\Chapter 6\\CH6-BEJS-LUTHFIYAH SAKINAH-GITHUB\\controllers\\api\\authController.js","statementMap":{"0":{"start":{"line":1,"column":58},"end":{"line":1,"column":81}},"1":{"start":{"line":2,"column":12},"end":{"line":2,"column":35}},"2":{"start":{"line":3,"column":15},"end":{"line":3,"column":32}},"3":{"start":{"line":4,"column":19},"end":{"line":4,"column":34}},"4":{"start":{"line":5,"column":15},"end":{"line":5,"column":34}},"5":{"start":{"line":7,"column":0},"end":{"line":58,"column":1}},"6":{"start":{"line":8,"column":33},"end":{"line":8,"column":41}},"7":{"start":{"line":9,"column":21},"end":{"line":9,"column":79}},"8":{"start":{"line":10,"column":4},"end":{"line":14,"column":5}},"9":{"start":{"line":11,"column":8},"end":{"line":13,"column":10}},"10":{"start":{"line":21,"column":26},"end":{"line":24,"column":7}},"11":{"start":{"line":26,"column":6},"end":{"line":31,"column":7}},"12":{"start":{"line":27,"column":8},"end":{"line":30,"column":11}},"13":{"start":{"line":33,"column":16},"end":{"line":39,"column":6}},"14":{"start":{"line":41,"column":4},"end":{"line":47,"column":6}},"15":{"start":{"line":49,"column":4},"end":{"line":49,"column":29}},"16":{"start":{"line":51,"column":4},"end":{"line":57,"column":6}},"17":{"start":{"line":60,"column":0},"end":{"line":71,"column":1}},"18":{"start":{"line":61,"column":33},"end":{"line":61,"column":41}},"19":{"start":{"line":62,"column":4},"end":{"line":70,"column":6}},"20":{"start":{"line":66,"column":8},"end":{"line":69,"column":10}}},"fnMap":{"0":{"name":"(anonymous_0)","decl":{"start":{"line":7,"column":16},"end":{"line":7,"column":17}},"loc":{"start":{"line":7,"column":36},"end":{"line":58,"column":1}},"line":7},"1":{"name":"(anonymous_1)","decl":{"start":{"line":60,"column":19},"end":{"line":60,"column":20}},"loc":{"start":{"line":60,"column":39},"end":{"line":71,"column":1}},"line":60},"2":{"name":"(anonymous_2)","decl":{"start":{"line":65,"column":12},"end":{"line":65,"column":13}},"loc":{"start":{"line":65,"column":27},"end":{"line":70,"column":5}},"line":65}},"branchMap":{"0":{"loc":{"start":{"line":10,"column":4},"end":{"line":14,"column":5}},"type":"if","locations":[{"start":{"line":10,"column":4},"end":{"line":14,"column":5}},{"start":{},"end":{}}],"line":10},"1":{"loc":{"start":{"line":26,"column":6},"end":{"line":31,"column":7}},"type":"if","locations":[{"start":{"line":26,"column":6},"end":{"line":31,"column":7}},{"start":{},"end":{}}],"line":26}},"s":{"0":5,"1":5,"2":5,"3":5,"4":5,"5":5,"6":5,"7":5,"8":5,"9":1,"10":4,"11":4,"12":0,"13":4,"14":4,"15":4,"16":4,"17":5,"18":5,"19":5,"20":5},"f":{"0":5,"1":5,"2":5},"b":{"0":[1,4],"1":[0,4]},"_coverageSchema":"1a1c01bbd47fc00a2c39e90264f33305004495a9","hash":"f845afccb19d0018bd1a3730a25370cca3ffe52a"}
,"D:\\KM-BEJS-4\\Chapter 6\\CH6-BEJS-LUTHFIYAH SAKINAH-GITHUB\\controllers\\api\\usergamesController.js": {"path":"D:\\KM-BEJS-4\\Chapter 6\\CH6-BEJS-LUTHFIYAH SAKINAH-GITHUB\\controllers\\api\\usergamesController.js","statementMap":{"0":{"start":{"line":1,"column":58},"end":{"line":1,"column":81}},"1":{"start":{"line":2,"column":15},"end":{"line":2,"column":34}},"2":{"start":{"line":4,"column":0},"end":{"line":22,"column":2}},"3":{"start":{"line":5,"column":2},"end":{"line":16,"column":6}},"4":{"start":{"line":12,"column":6},"end":{"line":15,"column":9}},"5":{"start":{"line":24,"column":0},"end":{"line":45,"column":2}},"6":{"start":{"line":25,"column":39},"end":{"line":25,"column":47}},"7":{"start":{"line":26,"column":14},"end":{"line":26,"column":24}},"8":{"start":{"line":27,"column":2},"end":{"line":39,"column":6}},"9":{"start":{"line":35,"column":6},"end":{"line":38,"column":9}},"10":{"start":{"line":47,"column":0},"end":{"line":94,"column":2}},"11":{"start":{"line":48,"column":39},"end":{"line":48,"column":48}},"12":{"start":{"line":49,"column":14},"end":{"line":49,"column":24}},"13":{"start":{"line":50,"column":2},"end":{"line":92,"column":5}},"14":{"start":{"line":55,"column":4},"end":{"line":60,"column":5}},"15":{"start":{"line":56,"column":6},"end":{"line":58,"column":9}},"16":{"start":{"line":59,"column":6},"end":{"line":59,"column":13}},"17":{"start":{"line":62,"column":4},"end":{"line":91,"column":7}},"18":{"start":{"line":67,"column":6},"end":{"line":72,"column":7}},"19":{"start":{"line":68,"column":8},"end":{"line":70,"column":11}},"20":{"start":{"line":71,"column":8},"end":{"line":71,"column":15}},"21":{"start":{"line":73,"column":6},"end":{"line":85,"column":10}},"22":{"start":{"line":81,"column":10},"end":{"line":84,"column":13}},"23":{"start":{"line":95,"column":0},"end":{"line":119,"column":2}},"24":{"start":{"line":96,"column":13},"end":{"line":96,"column":26}},"25":{"start":{"line":97,"column":2},"end":{"line":118,"column":7}},"26":{"start":{"line":105,"column":6},"end":{"line":109,"column":7}},"27":{"start":{"line":106,"column":22},"end":{"line":106,"column":76}},"28":{"start":{"line":107,"column":8},"end":{"line":107,"column":31}},"29":{"start":{"line":108,"column":8},"end":{"line":108,"column":20}},"30":{"start":{"line":110,"column":6},"end":{"line":113,"column":9}},"31":{"start":{"line":116,"column":6},"end":{"line":116,"column":44}},"32":{"start":{"line":116,"column":25},"end":{"line":116,"column":44}},"33":{"start":{"line":117,"column":6},"end":{"line":117,"column":18}},"34":{"start":{"line":121,"column":0},"end":{"line":151,"column":2}},"35":{"start":{"line":122,"column":13},"end":{"line":122,"column":26}},"36":{"start":{"line":123,"column":39},"end":{"line":123,"column":47}},"37":{"start":{"line":124,"column":14},"end":{"line":124,"column":24}},"38":{"start":{"line":125,"column":2},"end":{"line":150,"column":7}},"39":{"start":{"line":127,"column":6},"end":{"line":131,"column":7}},"40":{"start":{"line":128,"column":22},"end":{"line":128,"column":76}},"41":{"start":{"line":129,"column":8},"end":{"line":129,"column":27}},"42":{"start":{"line":130,"column":8},"end":{"line":130,"column":20}},"43":{"start":{"line":132,"column":6},"end":{"line":142,"column":8}},"44":{"start":{"line":143,"column":6},"end":{"line":145,"column":9}},"45":{"start":{"line":148,"column":6},"end":{"line":148,"column":44}},"46":{"start":{"line":148,"column":25},"end":{"line":148,"column":44}},"47":{"start":{"line":149,"column":6},"end":{"line":149,"column":18}},"48":{"start":{"line":153,"column":0},"end":{"line":173,"column":2}},"49":{"start":{"line":154,"column":17},"end":{"line":154,"column":27}},"50":{"start":{"line":155,"column":2},"end":{"line":172,"column":7}},"51":{"start":{"line":157,"column":6},"end":{"line":161,"column":7}},"52":{"start":{"line":158,"column":22},"end":{"line":158,"column":76}},"53":{"start":{"line":159,"column":8},"end":{"line":159,"column":27}},"54":{"start":{"line":160,"column":8},"end":{"line":160,"column":20}},"55":{"start":{"line":162,"column":6},"end":{"line":164,"column":9}},"56":{"start":{"line":165,"column":6},"end":{"line":167,"column":9}},"57":{"start":{"line":170,"column":6},"end":{"line":170,"column":44}},"58":{"start":{"line":170,"column":25},"end":{"line":170,"column":44}},"59":{"start":{"line":171,"column":6},"end":{"line":171,"column":18}}},"fnMap":{"0":{"name":"(anonymous_0)","decl":{"start":{"line":4,"column":23},"end":{"line":4,"column":24}},"loc":{"start":{"line":4,"column":43},"end":{"line":22,"column":1}},"line":4},"1":{"name":"(anonymous_1)","decl":{"start":{"line":11,"column":10},"end":{"line":11,"column":11}},"loc":{"start":{"line":11,"column":26},"end":{"line":16,"column":5}},"line":11},"2":{"name":"(anonymous_2)","decl":{"start":{"line":24,"column":23},"end":{"line":24,"column":24}},"loc":{"start":{"line":24,"column":43},"end":{"line":45,"column":1}},"line":24},"3":{"name":"(anonymous_3)","decl":{"start":{"line":34,"column":10},"end":{"line":34,"column":11}},"loc":{"start":{"line":34,"column":20},"end":{"line":39,"column":5}},"line":34},"4":{"name":"(anonymous_4)","decl":{"start":{"line":47,"column":26},"end":{"line":47,"column":27}},"loc":{"start":{"line":47,"column":46},"end":{"line":94,"column":1}},"line":47},"5":{"name":"(anonymous_5)","decl":{"start":{"line":54,"column":10},"end":{"line":54,"column":11}},"loc":{"start":{"line":54,"column":18},"end":{"line":92,"column":3}},"line":54},"6":{"name":"(anonymous_6)","decl":{"start":{"line":66,"column":12},"end":{"line":66,"column":13}},"loc":{"start":{"line":66,"column":20},"end":{"line":91,"column":5}},"line":66},"7":{"name":"(anonymous_7)","decl":{"start":{"line":80,"column":14},"end":{"line":80,"column":15}},"loc":{"start":{"line":80,"column":24},"end":{"line":85,"column":9}},"line":80},"8":{"name":"(anonymous_8)","decl":{"start":{"line":95,"column":27},"end":{"line":95,"column":28}},"loc":{"start":{"line":95,"column":47},"end":{"line":119,"column":1}},"line":95},"9":{"name":"(anonymous_9)","decl":{"start":{"line":104,"column":10},"end":{"line":104,"column":11}},"loc":{"start":{"line":104,"column":25},"end":{"line":114,"column":5}},"line":104},"10":{"name":"(anonymous_10)","decl":{"start":{"line":115,"column":11},"end":{"line":115,"column":12}},"loc":{"start":{"line":115,"column":22},"end":{"line":118,"column":5}},"line":115},"11":{"name":"(anonymous_11)","decl":{"start":{"line":121,"column":26},"end":{"line":121,"column":27}},"loc":{"start":{"line":121,"column":46},"end":{"line":151,"column":1}},"line":121},"12":{"name":"(anonymous_12)","decl":{"start":{"line":126,"column":10},"end":{"line":126,"column":11}},"loc":{"start":{"line":126,"column":25},"end":{"line":146,"column":5}},"line":126},"13":{"name":"(anonymous_13)","decl":{"start":{"line":147,"column":11},"end":{"line":147,"column":12}},"loc":{"start":{"line":147,"column":22},"end":{"line":150,"column":5}},"line":147},"14":{"name":"(anonymous_14)","decl":{"start":{"line":153,"column":26},"end":{"line":153,"column":27}},"loc":{"start":{"line":153,"column":46},"end":{"line":173,"column":1}},"line":153},"15":{"name":"(anonymous_15)","decl":{"start":{"line":156,"column":10},"end":{"line":156,"column":11}},"loc":{"start":{"line":156,"column":20},"end":{"line":168,"column":5}},"line":156},"16":{"name":"(anonymous_16)","decl":{"start":{"line":169,"column":11},"end":{"line":169,"column":12}},"loc":{"start":{"line":169,"column":22},"end":{"line":172,"column":5}},"line":169}},"branchMap":{"0":{"loc":{"start":{"line":55,"column":4},"end":{"line":60,"column":5}},"type":"if","locations":[{"start":{"line":55,"column":4},"end":{"line":60,"column":5}},{"start":{},"end":{}}],"line":55},"1":{"loc":{"start":{"line":67,"column":6},"end":{"line":72,"column":7}},"type":"if","locations":[{"start":{"line":67,"column":6},"end":{"line":72,"column":7}},{"start":{},"end":{}}],"line":67},"2":{"loc":{"start":{"line":105,"column":6},"end":{"line":109,"column":7}},"type":"if","locations":[{"start":{"line":105,"column":6},"end":{"line":109,"column":7}},{"start":{},"end":{}}],"line":105},"3":{"loc":{"start":{"line":116,"column":6},"end":{"line":116,"column":44}},"type":"if","locations":[{"start":{"line":116,"column":6},"end":{"line":116,"column":44}},{"start":{},"end":{}}],"line":116},"4":{"loc":{"start":{"line":127,"column":6},"end":{"line":131,"column":7}},"type":"if","locations":[{"start":{"line":127,"column":6},"end":{"line":131,"column":7}},{"start":{},"end":{}}],"line":127},"5":{"loc":{"start":{"line":148,"column":6},"end":{"line":148,"column":44}},"type":"if","locations":[{"start":{"line":148,"column":6},"end":{"line":148,"column":44}},{"start":{},"end":{}}],"line":148},"6":{"loc":{"start":{"line":157,"column":6},"end":{"line":161,"column":7}},"type":"if","locations":[{"start":{"line":157,"column":6},"end":{"line":161,"column":7}},{"start":{},"end":{}}],"line":157},"7":{"loc":{"start":{"line":170,"column":6},"end":{"line":170,"column":44}},"type":"if","locations":[{"start":{"line":170,"column":6},"end":{"line":170,"column":44}},{"start":{},"end":{}}],"line":170}},"s":{"0":5,"1":5,"2":5,"3":1,"4":1,"5":5,"6":2,"7":2,"8":2,"9":1,"10":5,"11":4,"12":4,"13":4,"14":4,"15":0,"16":0,"17":4,"18":4,"19":2,"20":2,"21":2,"22":2,"23":5,"24":2,"25":2,"26":2,"27":1,"28":1,"29":1,"30":1,"31":1,"32":1,"33":1,"34":5,"35":3,"36":3,"37":3,"38":3,"39":3,"40":2,"41":2,"42":2,"43":1,"44":1,"45":2,"46":0,"47":2,"48":5,"49":2,"50":2,"51":2,"52":1,"53":1,"54":1,"55":1,"56":1,"57":1,"58":0,"59":1},"f":{"0":1,"1":1,"2":2,"3":1,"4":4,"5":4,"6":4,"7":2,"8":2,"9":2,"10":1,"11":3,"12":3,"13":2,"14":2,"15":2,"16":1},"b":{"0":[0,4],"1":[2,2],"2":[1,1],"3":[1,0],"4":[2,1],"5":[0,2],"6":[1,1],"7":[0,1]},"_coverageSchema":"1a1c01bbd47fc00a2c39e90264f33305004495a9","hash":"5765a07fe58fb05afe400c2b45b1dfbccd8dff12"}
,"D:\\KM-BEJS-4\\Chapter 6\\CH6-BEJS-LUTHFIYAH SAKINAH-GITHUB\\controllers\\api\\usergamesbiodataController.js": {"path":"D:\\KM-BEJS-4\\Chapter 6\\CH6-BEJS-LUTHFIYAH SAKINAH-GITHUB\\controllers\\api\\usergamesbiodataController.js","statementMap":{"0":{"start":{"line":1,"column":40},"end":{"line":1,"column":63}},"1":{"start":{"line":3,"column":0},"end":{"line":11,"column":2}},"2":{"start":{"line":4,"column":2},"end":{"line":10,"column":7}},"3":{"start":{"line":6,"column":6},"end":{"line":9,"column":9}},"4":{"start":{"line":13,"column":0},"end":{"line":54,"column":2}},"5":{"start":{"line":14,"column":78},"end":{"line":14,"column":86}},"6":{"start":{"line":16,"column":25},"end":{"line":22,"column":3}},"7":{"start":{"line":17,"column":4},"end":{"line":21,"column":6}},"8":{"start":{"line":18,"column":6},"end":{"line":18,"column":31}},"9":{"start":{"line":20,"column":6},"end":{"line":20,"column":24}},"10":{"start":{"line":24,"column":2},"end":{"line":53,"column":4}},"11":{"start":{"line":25,"column":4},"end":{"line":29,"column":5}},"12":{"start":{"line":26,"column":6},"end":{"line":28,"column":8}},"13":{"start":{"line":31,"column":4},"end":{"line":47,"column":6}},"14":{"start":{"line":39,"column":6},"end":{"line":42,"column":8}},"15":{"start":{"line":44,"column":6},"end":{"line":46,"column":8}},"16":{"start":{"line":49,"column":4},"end":{"line":49,"column":22}},"17":{"start":{"line":50,"column":4},"end":{"line":52,"column":6}},"18":{"start":{"line":56,"column":0},"end":{"line":77,"column":2}},"19":{"start":{"line":57,"column":13},"end":{"line":57,"column":26}},"20":{"start":{"line":58,"column":2},"end":{"line":76,"column":7}},"21":{"start":{"line":63,"column":6},"end":{"line":67,"column":7}},"22":{"start":{"line":64,"column":22},"end":{"line":64,"column":84}},"23":{"start":{"line":65,"column":8},"end":{"line":65,"column":31}},"24":{"start":{"line":66,"column":8},"end":{"line":66,"column":20}},"25":{"start":{"line":68,"column":6},"end":{"line":71,"column":9}},"26":{"start":{"line":74,"column":6},"end":{"line":74,"column":44}},"27":{"start":{"line":74,"column":25},"end":{"line":74,"column":44}},"28":{"start":{"line":75,"column":6},"end":{"line":75,"column":18}},"29":{"start":{"line":79,"column":0},"end":{"line":146,"column":2}},"30":{"start":{"line":80,"column":11},"end":{"line":80,"column":24}},"31":{"start":{"line":81,"column":25},"end":{"line":88,"column":3}},"32":{"start":{"line":89,"column":14},"end":{"line":93,"column":3}},"33":{"start":{"line":95,"column":25},"end":{"line":101,"column":3}},"34":{"start":{"line":96,"column":4},"end":{"line":100,"column":6}},"35":{"start":{"line":97,"column":6},"end":{"line":97,"column":31}},"36":{"start":{"line":99,"column":6},"end":{"line":99,"column":24}},"37":{"start":{"line":103,"column":22},"end":{"line":109,"column":3}},"38":{"start":{"line":104,"column":4},"end":{"line":108,"column":6}},"39":{"start":{"line":105,"column":6},"end":{"line":105,"column":33}},"40":{"start":{"line":107,"column":6},"end":{"line":107,"column":24}},"41":{"start":{"line":111,"column":2},"end":{"line":145,"column":4}},"42":{"start":{"line":112,"column":4},"end":{"line":116,"column":5}},"43":{"start":{"line":113,"column":6},"end":{"line":115,"column":8}},"44":{"start":{"line":118,"column":4},"end":{"line":139,"column":6}},"45":{"start":{"line":119,"column":6},"end":{"line":123,"column":7}},"46":{"start":{"line":120,"column":8},"end":{"line":122,"column":10}},"47":{"start":{"line":125,"column":6},"end":{"line":133,"column":9}},"48":{"start":{"line":126,"column":8},"end":{"line":129,"column":10}},"49":{"start":{"line":131,"column":8},"end":{"line":131,"column":46}},"50":{"start":{"line":131,"column":27},"end":{"line":131,"column":46}},"51":{"start":{"line":132,"column":8},"end":{"line":132,"column":20}},"52":{"start":{"line":135,"column":6},"end":{"line":135,"column":22}},"53":{"start":{"line":136,"column":6},"end":{"line":138,"column":8}},"54":{"start":{"line":141,"column":4},"end":{"line":141,"column":20}},"55":{"start":{"line":142,"column":4},"end":{"line":144,"column":6}},"56":{"start":{"line":148,"column":0},"end":{"line":168,"column":2}},"57":{"start":{"line":149,"column":17},"end":{"line":149,"column":27}},"58":{"start":{"line":150,"column":2},"end":{"line":167,"column":7}},"59":{"start":{"line":152,"column":6},"end":{"line":156,"column":7}},"60":{"start":{"line":153,"column":22},"end":{"line":153,"column":84}},"61":{"start":{"line":154,"column":8},"end":{"line":154,"column":27}},"62":{"start":{"line":155,"column":8},"end":{"line":155,"column":20}},"63":{"start":{"line":157,"column":6},"end":{"line":159,"column":9}},"64":{"start":{"line":160,"column":6},"end":{"line":162,"column":9}},"65":{"start":{"line":165,"column":6},"end":{"line":165,"column":44}},"66":{"start":{"line":165,"column":25},"end":{"line":165,"column":44}},"67":{"start":{"line":166,"column":6},"end":{"line":166,"column":18}}},"fnMap":{"0":{"name":"(anonymous_0)","decl":{"start":{"line":3,"column":30},"end":{"line":3,"column":31}},"loc":{"start":{"line":3,"column":50},"end":{"line":11,"column":1}},"line":3},"1":{"name":"(anonymous_1)","decl":{"start":{"line":5,"column":10},"end":{"line":5,"column":11}},"loc":{"start":{"line":5,"column":34},"end":{"line":10,"column":5}},"line":5},"2":{"name":"(anonymous_2)","decl":{"start":{"line":13,"column":30},"end":{"line":13,"column":31}},"loc":{"start":{"line":13,"column":50},"end":{"line":54,"column":1}},"line":13},"3":{"name":"(anonymous_3)","decl":{"start":{"line":16,"column":25},"end":{"line":16,"column":26}},"loc":{"start":{"line":16,"column":55},"end":{"line":22,"column":3}},"line":16},"4":{"name":"(anonymous_4)","decl":{"start":{"line":17,"column":55},"end":{"line":17,"column":56}},"loc":{"start":{"line":17,"column":70},"end":{"line":19,"column":5}},"line":17},"5":{"name":"(anonymous_5)","decl":{"start":{"line":19,"column":13},"end":{"line":19,"column":14}},"loc":{"start":{"line":19,"column":22},"end":{"line":21,"column":5}},"line":19},"6":{"name":"(anonymous_6)","decl":{"start":{"line":24,"column":26},"end":{"line":24,"column":27}},"loc":{"start":{"line":24,"column":36},"end":{"line":48,"column":3}},"line":24},"7":{"name":"(anonymous_7)","decl":{"start":{"line":38,"column":12},"end":{"line":38,"column":13}},"loc":{"start":{"line":38,"column":29},"end":{"line":43,"column":5}},"line":38},"8":{"name":"(anonymous_8)","decl":{"start":{"line":43,"column":13},"end":{"line":43,"column":14}},"loc":{"start":{"line":43,"column":24},"end":{"line":47,"column":5}},"line":43},"9":{"name":"(anonymous_9)","decl":{"start":{"line":48,"column":5},"end":{"line":48,"column":6}},"loc":{"start":{"line":48,"column":16},"end":{"line":53,"column":3}},"line":48},"10":{"name":"(anonymous_10)","decl":{"start":{"line":56,"column":34},"end":{"line":56,"column":35}},"loc":{"start":{"line":56,"column":54},"end":{"line":77,"column":1}},"line":56},"11":{"name":"(anonymous_11)","decl":{"start":{"line":62,"column":10},"end":{"line":62,"column":11}},"loc":{"start":{"line":62,"column":34},"end":{"line":72,"column":5}},"line":62},"12":{"name":"(anonymous_12)","decl":{"start":{"line":73,"column":11},"end":{"line":73,"column":12}},"loc":{"start":{"line":73,"column":22},"end":{"line":76,"column":5}},"line":73},"13":{"name":"(anonymous_13)","decl":{"start":{"line":79,"column":33},"end":{"line":79,"column":34}},"loc":{"start":{"line":79,"column":53},"end":{"line":146,"column":1}},"line":79},"14":{"name":"(anonymous_14)","decl":{"start":{"line":95,"column":25},"end":{"line":95,"column":26}},"loc":{"start":{"line":95,"column":55},"end":{"line":101,"column":3}},"line":95},"15":{"name":"(anonymous_15)","decl":{"start":{"line":96,"column":55},"end":{"line":96,"column":56}},"loc":{"start":{"line":96,"column":70},"end":{"line":98,"column":5}},"line":96},"16":{"name":"(anonymous_16)","decl":{"start":{"line":98,"column":13},"end":{"line":98,"column":14}},"loc":{"start":{"line":98,"column":22},"end":{"line":100,"column":5}},"line":98},"17":{"name":"(anonymous_17)","decl":{"start":{"line":103,"column":22},"end":{"line":103,"column":23}},"loc":{"start":{"line":103,"column":47},"end":{"line":109,"column":3}},"line":103},"18":{"name":"(anonymous_18)","decl":{"start":{"line":104,"column":57},"end":{"line":104,"column":58}},"loc":{"start":{"line":104,"column":74},"end":{"line":106,"column":5}},"line":104},"19":{"name":"(anonymous_19)","decl":{"start":{"line":106,"column":13},"end":{"line":106,"column":14}},"loc":{"start":{"line":106,"column":22},"end":{"line":108,"column":5}},"line":106},"20":{"name":"(anonymous_20)","decl":{"start":{"line":111,"column":43},"end":{"line":111,"column":44}},"loc":{"start":{"line":111,"column":53},"end":{"line":140,"column":3}},"line":111},"21":{"name":"(anonymous_21)","decl":{"start":{"line":118,"column":20},"end":{"line":118,"column":21}},"loc":{"start":{"line":118,"column":30},"end":{"line":134,"column":5}},"line":118},"22":{"name":"(anonymous_22)","decl":{"start":{"line":125,"column":60},"end":{"line":125,"column":61}},"loc":{"start":{"line":125,"column":82},"end":{"line":130,"column":7}},"line":125},"23":{"name":"(anonymous_23)","decl":{"start":{"line":130,"column":15},"end":{"line":130,"column":16}},"loc":{"start":{"line":130,"column":26},"end":{"line":133,"column":7}},"line":130},"24":{"name":"(anonymous_24)","decl":{"start":{"line":134,"column":7},"end":{"line":134,"column":8}},"loc":{"start":{"line":134,"column":16},"end":{"line":139,"column":5}},"line":134},"25":{"name":"(anonymous_25)","decl":{"start":{"line":140,"column":5},"end":{"line":140,"column":6}},"loc":{"start":{"line":140,"column":14},"end":{"line":145,"column":3}},"line":140},"26":{"name":"(anonymous_26)","decl":{"start":{"line":148,"column":33},"end":{"line":148,"column":34}},"loc":{"start":{"line":148,"column":53},"end":{"line":168,"column":1}},"line":148},"27":{"name":"(anonymous_27)","decl":{"start":{"line":151,"column":10},"end":{"line":151,"column":11}},"loc":{"start":{"line":151,"column":20},"end":{"line":163,"column":5}},"line":151},"28":{"name":"(anonymous_28)","decl":{"start":{"line":164,"column":11},"end":{"line":164,"column":12}},"loc":{"start":{"line":164,"column":22},"end":{"line":167,"column":5}},"line":164}},"branchMap":{"0":{"loc":{"start":{"line":25,"column":4},"end":{"line":29,"column":5}},"type":"if","locations":[{"start":{"line":25,"column":4},"end":{"line":29,"column":5}},{"start":{},"end":{}}],"line":25},"1":{"loc":{"start":{"line":63,"column":6},"end":{"line":67,"column":7}},"type":"if","locations":[{"start":{"line":63,"column":6},"end":{"line":67,"column":7}},{"start":{},"end":{}}],"line":63},"2":{"loc":{"start":{"line":74,"column":6},"end":{"line":74,"column":44}},"type":"if","locations":[{"start":{"line":74,"column":6},"end":{"line":74,"column":44}},{"start":{},"end":{}}],"line":74},"3":{"loc":{"start":{"line":112,"column":4},"end":{"line":116,"column":5}},"type":"if","locations":[{"start":{"line":112,"column":4},"end":{"line":116,"column":5}},{"start":{},"end":{}}],"line":112},"4":{"loc":{"start":{"line":119,"column":6},"end":{"line":123,"column":7}},"type":"if","locations":[{"start":{"line":119,"column":6},"end":{"line":123,"column":7}},{"start":{},"end":{}}],"line":119},"5":{"loc":{"start":{"line":131,"column":8},"end":{"line":131,"column":46}},"type":"if","locations":[{"start":{"line":131,"column":8},"end":{"line":131,"column":46}},{"start":{},"end":{}}],"line":131},"6":{"loc":{"start":{"line":152,"column":6},"end":{"line":156,"column":7}},"type":"if","locations":[{"start":{"line":152,"column":6},"end":{"line":156,"column":7}},{"start":{},"end":{}}],"line":152},"7":{"loc":{"start":{"line":165,"column":6},"end":{"line":165,"column":44}},"type":"if","locations":[{"start":{"line":165,"column":6},"end":{"line":165,"column":44}},{"start":{},"end":{}}],"line":165}},"s":{"0":5,"1":5,"2":1,"3":1,"4":5,"5":4,"6":4,"7":4,"8":3,"9":1,"10":4,"11":3,"12":1,"13":2,"14":1,"15":1,"16":1,"17":1,"18":5,"19":2,"20":2,"21":2,"22":2,"23":2,"24":2,"25":0,"26":2,"27":2,"28":2,"29":5,"30":5,"31":5,"32":5,"33":5,"34":5,"35":4,"36":1,"37":5,"38":2,"39":2,"40":0,"41":5,"42":4,"43":2,"44":2,"45":2,"46":0,"47":2,"48":1,"49":1,"50":1,"51":1,"52":0,"53":0,"54":1,"55":1,"56":5,"57":2,"58":2,"59":2,"60":1,"61":1,"62":1,"63":1,"64":1,"65":1,"66":0,"67":1},"f":{"0":1,"1":1,"2":4,"3":4,"4":3,"5":1,"6":3,"7":1,"8":1,"9":1,"10":2,"11":2,"12":2,"13":5,"14":5,"15":4,"16":1,"17":2,"18":2,"19":0,"20":4,"21":2,"22":1,"23":1,"24":0,"25":1,"26":2,"27":2,"28":1},"b":{"0":[1,2],"1":[2,0],"2":[2,0],"3":[2,2],"4":[0,2],"5":[1,0],"6":[1,1],"7":[0,1]},"_coverageSchema":"1a1c01bbd47fc00a2c39e90264f33305004495a9","hash":"b853757d7fe1fe10b4a92103ab3660bfdd09a6f9"}
,"D:\\KM-BEJS-4\\Chapter 6\\CH6-BEJS-LUTHFIYAH SAKINAH-GITHUB\\controllers\\api\\usergameshistoryController.js": {"path":"D:\\KM-BEJS-4\\Chapter 6\\CH6-BEJS-LUTHFIYAH SAKINAH-GITHUB\\controllers\\api\\usergameshistoryController.js","statementMap":{"0":{"start":{"line":1,"column":39},"end":{"line":1,"column":62}},"1":{"start":{"line":2,"column":24},"end":{"line":2,"column":44}},"2":{"start":{"line":4,"column":0},"end":{"line":16,"column":2}},"3":{"start":{"line":5,"column":2},"end":{"line":11,"column":6}},"4":{"start":{"line":7,"column":6},"end":{"line":10,"column":9}},"5":{"start":{"line":18,"column":0},"end":{"line":59,"column":2}},"6":{"start":{"line":19,"column":55},"end":{"line":19,"column":63}},"7":{"start":{"line":21,"column":25},"end":{"line":27,"column":3}},"8":{"start":{"line":22,"column":4},"end":{"line":26,"column":6}},"9":{"start":{"line":23,"column":6},"end":{"line":23,"column":31}},"10":{"start":{"line":25,"column":6},"end":{"line":25,"column":24}},"11":{"start":{"line":29,"column":2},"end":{"line":58,"column":4}},"12":{"start":{"line":30,"column":4},"end":{"line":34,"column":5}},"13":{"start":{"line":31,"column":6},"end":{"line":33,"column":8}},"14":{"start":{"line":36,"column":19},"end":{"line":36,"column":62}},"15":{"start":{"line":38,"column":4},"end":{"line":52,"column":7}},"16":{"start":{"line":45,"column":6},"end":{"line":48,"column":8}},"17":{"start":{"line":50,"column":6},"end":{"line":50,"column":44}},"18":{"start":{"line":50,"column":25},"end":{"line":50,"column":44}},"19":{"start":{"line":51,"column":6},"end":{"line":51,"column":18}},"20":{"start":{"line":54,"column":4},"end":{"line":54,"column":22}},"21":{"start":{"line":55,"column":4},"end":{"line":57,"column":6}},"22":{"start":{"line":61,"column":0},"end":{"line":79,"column":2}},"23":{"start":{"line":62,"column":13},"end":{"line":62,"column":26}},"24":{"start":{"line":63,"column":2},"end":{"line":78,"column":7}},"25":{"start":{"line":65,"column":6},"end":{"line":69,"column":7}},"26":{"start":{"line":66,"column":22},"end":{"line":66,"column":84}},"27":{"start":{"line":67,"column":8},"end":{"line":67,"column":31}},"28":{"start":{"line":68,"column":8},"end":{"line":68,"column":20}},"29":{"start":{"line":70,"column":6},"end":{"line":73,"column":9}},"30":{"start":{"line":76,"column":6},"end":{"line":76,"column":44}},"31":{"start":{"line":76,"column":25},"end":{"line":76,"column":44}},"32":{"start":{"line":77,"column":6},"end":{"line":77,"column":18}},"33":{"start":{"line":81,"column":0},"end":{"line":143,"column":2}},"34":{"start":{"line":82,"column":11},"end":{"line":82,"column":24}},"35":{"start":{"line":83,"column":17},"end":{"line":83,"column":80}},"36":{"start":{"line":84,"column":25},"end":{"line":90,"column":3}},"37":{"start":{"line":91,"column":14},"end":{"line":95,"column":3}},"38":{"start":{"line":97,"column":25},"end":{"line":103,"column":3}},"39":{"start":{"line":98,"column":4},"end":{"line":102,"column":6}},"40":{"start":{"line":99,"column":6},"end":{"line":99,"column":31}},"41":{"start":{"line":101,"column":6},"end":{"line":101,"column":24}},"42":{"start":{"line":105,"column":22},"end":{"line":111,"column":3}},"43":{"start":{"line":106,"column":4},"end":{"line":110,"column":6}},"44":{"start":{"line":107,"column":6},"end":{"line":107,"column":33}},"45":{"start":{"line":109,"column":6},"end":{"line":109,"column":24}},"46":{"start":{"line":113,"column":2},"end":{"line":142,"column":4}},"47":{"start":{"line":114,"column":4},"end":{"line":118,"column":5}},"48":{"start":{"line":115,"column":6},"end":{"line":117,"column":8}},"49":{"start":{"line":120,"column":4},"end":{"line":136,"column":6}},"50":{"start":{"line":121,"column":6},"end":{"line":125,"column":7}},"51":{"start":{"line":122,"column":8},"end":{"line":124,"column":10}},"52":{"start":{"line":127,"column":6},"end":{"line":135,"column":9}},"53":{"start":{"line":128,"column":8},"end":{"line":131,"column":10}},"54":{"start":{"line":133,"column":8},"end":{"line":133,"column":46}},"55":{"start":{"line":133,"column":27},"end":{"line":133,"column":46}},"56":{"start":{"line":134,"column":8},"end":{"line":134,"column":20}},"57":{"start":{"line":138,"column":4},"end":{"line":138,"column":20}},"58":{"start":{"line":139,"column":4},"end":{"line":141,"column":6}},"59":{"start":{"line":145,"column":0},"end":{"line":165,"column":2}},"60":{"start":{"line":146,"column":17},"end":{"line":146,"column":27}},"61":{"start":{"line":147,"column":2},"end":{"line":164,"column":7}},"62":{"start":{"line":149,"column":6},"end":{"line":153,"column":7}},"63":{"start":{"line":150,"column":22},"end":{"line":150,"column":76}},"64":{"start":{"line":151,"column":8},"end":{"line":151,"column":27}},"65":{"start":{"line":152,"column":8},"end":{"line":152,"column":20}},"66":{"start":{"line":154,"column":6},"end":{"line":156,"column":9}},"67":{"start":{"line":157,"column":6},"end":{"line":159,"column":9}},"68":{"start":{"line":162,"column":6},"end":{"line":162,"column":44}},"69":{"start":{"line":162,"column":25},"end":{"line":162,"column":44}},"70":{"start":{"line":163,"column":6},"end":{"line":163,"column":18}}},"fnMap":{"0":{"name":"(anonymous_0)","decl":{"start":{"line":4,"column":30},"end":{"line":4,"column":31}},"loc":{"start":{"line":4,"column":50},"end":{"line":16,"column":1}},"line":4},"1":{"name":"(anonymous_1)","decl":{"start":{"line":6,"column":10},"end":{"line":6,"column":11}},"loc":{"start":{"line":6,"column":34},"end":{"line":11,"column":5}},"line":6},"2":{"name":"(anonymous_2)","decl":{"start":{"line":18,"column":30},"end":{"line":18,"column":31}},"loc":{"start":{"line":18,"column":50},"end":{"line":59,"column":1}},"line":18},"3":{"name":"(anonymous_3)","decl":{"start":{"line":21,"column":25},"end":{"line":21,"column":26}},"loc":{"start":{"line":21,"column":55},"end":{"line":27,"column":3}},"line":21},"4":{"name":"(anonymous_4)","decl":{"start":{"line":22,"column":55},"end":{"line":22,"column":56}},"loc":{"start":{"line":22,"column":70},"end":{"line":24,"column":5}},"line":22},"5":{"name":"(anonymous_5)","decl":{"start":{"line":24,"column":13},"end":{"line":24,"column":14}},"loc":{"start":{"line":24,"column":22},"end":{"line":26,"column":5}},"line":24},"6":{"name":"(anonymous_6)","decl":{"start":{"line":29,"column":26},"end":{"line":29,"column":27}},"loc":{"start":{"line":29,"column":36},"end":{"line":53,"column":3}},"line":29},"7":{"name":"(anonymous_7)","decl":{"start":{"line":44,"column":12},"end":{"line":44,"column":13}},"loc":{"start":{"line":44,"column":29},"end":{"line":49,"column":5}},"line":44},"8":{"name":"(anonymous_8)","decl":{"start":{"line":49,"column":13},"end":{"line":49,"column":14}},"loc":{"start":{"line":49,"column":24},"end":{"line":52,"column":5}},"line":49},"9":{"name":"(anonymous_9)","decl":{"start":{"line":53,"column":5},"end":{"line":53,"column":6}},"loc":{"start":{"line":53,"column":16},"end":{"line":58,"column":3}},"line":53},"10":{"name":"(anonymous_10)","decl":{"start":{"line":61,"column":34},"end":{"line":61,"column":35}},"loc":{"start":{"line":61,"column":54},"end":{"line":79,"column":1}},"line":61},"11":{"name":"(anonymous_11)","decl":{"start":{"line":64,"column":10},"end":{"line":64,"column":11}},"loc":{"start":{"line":64,"column":32},"end":{"line":74,"column":5}},"line":64},"12":{"name":"(anonymous_12)","decl":{"start":{"line":75,"column":11},"end":{"line":75,"column":12}},"loc":{"start":{"line":75,"column":22},"end":{"line":78,"column":5}},"line":75},"13":{"name":"(anonymous_13)","decl":{"start":{"line":81,"column":33},"end":{"line":81,"column":34}},"loc":{"start":{"line":81,"column":53},"end":{"line":143,"column":1}},"line":81},"14":{"name":"(anonymous_14)","decl":{"start":{"line":97,"column":25},"end":{"line":97,"column":26}},"loc":{"start":{"line":97,"column":55},"end":{"line":103,"column":3}},"line":97},"15":{"name":"(anonymous_15)","decl":{"start":{"line":98,"column":55},"end":{"line":98,"column":56}},"loc":{"start":{"line":98,"column":70},"end":{"line":100,"column":5}},"line":98},"16":{"name":"(anonymous_16)","decl":{"start":{"line":100,"column":13},"end":{"line":100,"column":14}},"loc":{"start":{"line":100,"column":22},"end":{"line":102,"column":5}},"line":100},"17":{"name":"(anonymous_17)","decl":{"start":{"line":105,"column":22},"end":{"line":105,"column":23}},"loc":{"start":{"line":105,"column":47},"end":{"line":111,"column":3}},"line":105},"18":{"name":"(anonymous_18)","decl":{"start":{"line":106,"column":57},"end":{"line":106,"column":58}},"loc":{"start":{"line":106,"column":74},"end":{"line":108,"column":5}},"line":106},"19":{"name":"(anonymous_19)","decl":{"start":{"line":108,"column":13},"end":{"line":108,"column":14}},"loc":{"start":{"line":108,"column":22},"end":{"line":110,"column":5}},"line":108},"20":{"name":"(anonymous_20)","decl":{"start":{"line":113,"column":43},"end":{"line":113,"column":44}},"loc":{"start":{"line":113,"column":53},"end":{"line":137,"column":3}},"line":113},"21":{"name":"(anonymous_21)","decl":{"start":{"line":120,"column":20},"end":{"line":120,"column":21}},"loc":{"start":{"line":120,"column":30},"end":{"line":136,"column":5}},"line":120},"22":{"name":"(anonymous_22)","decl":{"start":{"line":127,"column":60},"end":{"line":127,"column":61}},"loc":{"start":{"line":127,"column":77},"end":{"line":132,"column":7}},"line":127},"23":{"name":"(anonymous_23)","decl":{"start":{"line":132,"column":15},"end":{"line":132,"column":16}},"loc":{"start":{"line":132,"column":26},"end":{"line":135,"column":7}},"line":132},"24":{"name":"(anonymous_24)","decl":{"start":{"line":137,"column":5},"end":{"line":137,"column":6}},"loc":{"start":{"line":137,"column":14},"end":{"line":142,"column":3}},"line":137},"25":{"name":"(anonymous_25)","decl":{"start":{"line":145,"column":33},"end":{"line":145,"column":34}},"loc":{"start":{"line":145,"column":53},"end":{"line":165,"column":1}},"line":145},"26":{"name":"(anonymous_26)","decl":{"start":{"line":148,"column":10},"end":{"line":148,"column":11}},"loc":{"start":{"line":148,"column":20},"end":{"line":160,"column":5}},"line":148},"27":{"name":"(anonymous_27)","decl":{"start":{"line":161,"column":11},"end":{"line":161,"column":12}},"loc":{"start":{"line":161,"column":22},"end":{"line":164,"column":5}},"line":161}},"branchMap":{"0":{"loc":{"start":{"line":30,"column":4},"end":{"line":34,"column":5}},"type":"if","locations":[{"start":{"line":30,"column":4},"end":{"line":34,"column":5}},{"start":{},"end":{}}],"line":30},"1":{"loc":{"start":{"line":50,"column":6},"end":{"line":50,"column":44}},"type":"if","locations":[{"start":{"line":50,"column":6},"end":{"line":50,"column":44}},{"start":{},"end":{}}],"line":50},"2":{"loc":{"start":{"line":65,"column":6},"end":{"line":69,"column":7}},"type":"if","locations":[{"start":{"line":65,"column":6},"end":{"line":69,"column":7}},{"start":{},"end":{}}],"line":65},"3":{"loc":{"start":{"line":76,"column":6},"end":{"line":76,"column":44}},"type":"if","locations":[{"start":{"line":76,"column":6},"end":{"line":76,"column":44}},{"start":{},"end":{}}],"line":76},"4":{"loc":{"start":{"line":114,"column":4},"end":{"line":118,"column":5}},"type":"if","locations":[{"start":{"line":114,"column":4},"end":{"line":118,"column":5}},{"start":{},"end":{}}],"line":114},"5":{"loc":{"start":{"line":121,"column":6},"end":{"line":125,"column":7}},"type":"if","locations":[{"start":{"line":121,"column":6},"end":{"line":125,"column":7}},{"start":{},"end":{}}],"line":121},"6":{"loc":{"start":{"line":133,"column":8},"end":{"line":133,"column":46}},"type":"if","locations":[{"start":{"line":133,"column":8},"end":{"line":133,"column":46}},{"start":{},"end":{}}],"line":133},"7":{"loc":{"start":{"line":149,"column":6},"end":{"line":153,"column":7}},"type":"if","locations":[{"start":{"line":149,"column":6},"end":{"line":153,"column":7}},{"start":{},"end":{}}],"line":149},"8":{"loc":{"start":{"line":162,"column":6},"end":{"line":162,"column":44}},"type":"if","locations":[{"start":{"line":162,"column":6},"end":{"line":162,"column":44}},{"start":{},"end":{}}],"line":162}},"s":{"0":5,"1":5,"2":5,"3":1,"4":1,"5":5,"6":4,"7":4,"8":4,"9":3,"10":1,"11":4,"12":3,"13":1,"14":2,"15":2,"16":1,"17":1,"18":1,"19":1,"20":1,"21":1,"22":5,"23":2,"24":2,"25":2,"26":1,"27":1,"28":1,"29":1,"30":1,"31":1,"32":1,"33":5,"34":5,"35":5,"36":5,"37":5,"38":5,"39":5,"40":4,"41":1,"42":5,"43":1,"44":1,"45":0,"46":5,"47":4,"48":3,"49":1,"50":1,"51":0,"52":1,"53":1,"54":0,"55":0,"56":0,"57":1,"58":1,"59":5,"60":1,"61":1,"62":1,"63":1,"64":1,"65":1,"66":0,"67":0,"68":1,"69":0,"70":1},"f":{"0":1,"1":1,"2":4,"3":4,"4":3,"5":1,"6":3,"7":1,"8":1,"9":1,"10":2,"11":2,"12":1,"13":5,"14":5,"15":4,"16":1,"17":1,"18":1,"19":0,"20":4,"21":1,"22":1,"23":0,"24":1,"25":1,"26":1,"27":1},"b":{"0":[1,2],"1":[1,0],"2":[1,1],"3":[1,0],"4":[3,1],"5":[0,1],"6":[0,0],"7":[1,0],"8":[0,1]},"_coverageSchema":"1a1c01bbd47fc00a2c39e90264f33305004495a9","hash":"1dfa6c2f381e54fb4848b102034ff6efcf5990d4"}
,"D:\\KM-BEJS-4\\Chapter 6\\CH6-BEJS-LUTHFIYAH SAKINAH-GITHUB\\controllers\\view\\authController.js": {"path":"D:\\KM-BEJS-4\\Chapter 6\\CH6-BEJS-LUTHFIYAH SAKINAH-GITHUB\\controllers\\view\\authController.js","statementMap":{"0":{"start":{"line":1,"column":58},"end":{"line":1,"column":81}},"1":{"start":{"line":2,"column":15},"end":{"line":2,"column":34}},"2":{"start":{"line":4,"column":0},"end":{"line":6,"column":1}},"3":{"start":{"line":5,"column":4},"end":{"line":5,"column":23}},"4":{"start":{"line":8,"column":0},"end":{"line":10,"column":1}},"5":{"start":{"line":9,"column":4},"end":{"line":9,"column":26}},"6":{"start":{"line":12,"column":0},"end":{"line":50,"column":4}},"7":{"start":{"line":13,"column":42},"end":{"line":13,"column":50}},"8":{"start":{"line":14,"column":16},"end":{"line":14,"column":26}},"9":{"start":{"line":15,"column":4},"end":{"line":48,"column":7}},"10":{"start":{"line":20,"column":6},"end":{"line":23,"column":7}},"11":{"start":{"line":21,"column":8},"end":{"line":21,"column":110}},"12":{"start":{"line":22,"column":8},"end":{"line":22,"column":15}},"13":{"start":{"line":25,"column":6},"end":{"line":47,"column":9}},"14":{"start":{"line":30,"column":8},"end":{"line":33,"column":9}},"15":{"start":{"line":31,"column":10},"end":{"line":31,"column":109}},"16":{"start":{"line":32,"column":10},"end":{"line":32,"column":17}},"17":{"start":{"line":34,"column":8},"end":{"line":46,"column":13}},"18":{"start":{"line":42,"column":12},"end":{"line":42,"column":46}},"19":{"start":{"line":45,"column":12},"end":{"line":45,"column":90}}},"fnMap":{"0":{"name":"(anonymous_0)","decl":{"start":{"line":4,"column":16},"end":{"line":4,"column":17}},"loc":{"start":{"line":4,"column":30},"end":{"line":6,"column":1}},"line":4},"1":{"name":"(anonymous_1)","decl":{"start":{"line":8,"column":19},"end":{"line":8,"column":20}},"loc":{"start":{"line":8,"column":33},"end":{"line":10,"column":1}},"line":8},"2":{"name":"(anonymous_2)","decl":{"start":{"line":12,"column":25},"end":{"line":12,"column":26}},"loc":{"start":{"line":12,"column":45},"end":{"line":50,"column":3}},"line":12},"3":{"name":"(anonymous_3)","decl":{"start":{"line":19,"column":12},"end":{"line":19,"column":13}},"loc":{"start":{"line":19,"column":20},"end":{"line":48,"column":5}},"line":19},"4":{"name":"(anonymous_4)","decl":{"start":{"line":29,"column":14},"end":{"line":29,"column":15}},"loc":{"start":{"line":29,"column":22},"end":{"line":47,"column":7}},"line":29},"5":{"name":"(anonymous_5)","decl":{"start":{"line":41,"column":16},"end":{"line":41,"column":17}},"loc":{"start":{"line":41,"column":26},"end":{"line":43,"column":11}},"line":41},"6":{"name":"(anonymous_6)","decl":{"start":{"line":44,"column":17},"end":{"line":44,"column":18}},"loc":{"start":{"line":44,"column":28},"end":{"line":46,"column":11}},"line":44}},"branchMap":{"0":{"loc":{"start":{"line":20,"column":6},"end":{"line":23,"column":7}},"type":"if","locations":[{"start":{"line":20,"column":6},"end":{"line":23,"column":7}},{"start":{},"end":{}}],"line":20},"1":{"loc":{"start":{"line":30,"column":8},"end":{"line":33,"column":9}},"type":"if","locations":[{"start":{"line":30,"column":8},"end":{"line":33,"column":9}},{"start":{},"end":{}}],"line":30}},"s":{"0":5,"1":5,"2":5,"3":1,"4":5,"5":1,"6":5,"7":3,"8":3,"9":3,"10":3,"11":1,"12":1,"13":2,"14":2,"15":1,"16":1,"17":1,"18":1,"19":0},"f":{"0":1,"1":1,"2":3,"3":3,"4":2,"5":1,"6":0},"b":{"0":[1,2],"1":[1,1]},"_coverageSchema":"1a1c01bbd47fc00a2c39e90264f33305004495a9","hash":"e7e6c8566a767d58723c9f71522727bd3f01ba0d"}
,"D:\\KM-BEJS-4\\Chapter 6\\CH6-BEJS-LUTHFIYAH SAKINAH-GITHUB\\controllers\\view\\userGamesBiodataController.js": {"path":"D:\\KM-BEJS-4\\Chapter 6\\CH6-BEJS-LUTHFIYAH SAKINAH-GITHUB\\controllers\\view\\userGamesBiodataController.js","statementMap":{"0":{"start":{"line":1,"column":40},"end":{"line":1,"column":63}},"1":{"start":{"line":2,"column":15},"end":{"line":2,"column":32}},"2":{"start":{"line":4,"column":0},"end":{"line":14,"column":2}},"3":{"start":{"line":5,"column":2},"end":{"line":13,"column":7}},"4":{"start":{"line":7,"column":27},"end":{"line":7,"column":46}},"5":{"start":{"line":9,"column":8},"end":{"line":9,"column":132}},"6":{"start":{"line":12,"column":6},"end":{"line":12,"column":84}},"7":{"start":{"line":16,"column":0},"end":{"line":19,"column":4}},"8":{"start":{"line":17,"column":23},"end":{"line":17,"column":42}},"9":{"start":{"line":18,"column":4},"end":{"line":18,"column":61}},"10":{"start":{"line":21,"column":0},"end":{"line":53,"column":2}},"11":{"start":{"line":22,"column":78},"end":{"line":22,"column":86}},"12":{"start":{"line":24,"column":25},"end":{"line":30,"column":3}},"13":{"start":{"line":25,"column":4},"end":{"line":29,"column":6}},"14":{"start":{"line":26,"column":6},"end":{"line":26,"column":31}},"15":{"start":{"line":28,"column":6},"end":{"line":28,"column":24}},"16":{"start":{"line":32,"column":2},"end":{"line":52,"column":4}},"17":{"start":{"line":33,"column":4},"end":{"line":35,"column":5}},"18":{"start":{"line":34,"column":6},"end":{"line":34,"column":102}},"19":{"start":{"line":37,"column":4},"end":{"line":48,"column":6}},"20":{"start":{"line":45,"column":8},"end":{"line":45,"column":67}},"21":{"start":{"line":47,"column":6},"end":{"line":47,"column":84}},"22":{"start":{"line":51,"column":4},"end":{"line":51,"column":84}},"23":{"start":{"line":55,"column":0},"end":{"line":72,"column":2}},"24":{"start":{"line":56,"column":13},"end":{"line":56,"column":26}},"25":{"start":{"line":57,"column":2},"end":{"line":71,"column":7}},"26":{"start":{"line":62,"column":25},"end":{"line":62,"column":44}},"27":{"start":{"line":63,"column":6},"end":{"line":67,"column":7}},"28":{"start":{"line":64,"column":8},"end":{"line":64,"column":88}},"29":{"start":{"line":66,"column":8},"end":{"line":66,"column":104}},"30":{"start":{"line":70,"column":6},"end":{"line":70,"column":84}},"31":{"start":{"line":74,"column":0},"end":{"line":131,"column":2}},"32":{"start":{"line":75,"column":10},"end":{"line":75,"column":22}},"33":{"start":{"line":76,"column":25},"end":{"line":84,"column":3}},"34":{"start":{"line":85,"column":14},"end":{"line":89,"column":3}},"35":{"start":{"line":90,"column":25},"end":{"line":96,"column":3}},"36":{"start":{"line":91,"column":4},"end":{"line":95,"column":6}},"37":{"start":{"line":92,"column":6},"end":{"line":92,"column":31}},"38":{"start":{"line":94,"column":6},"end":{"line":94,"column":84}},"39":{"start":{"line":98,"column":22},"end":{"line":104,"column":3}},"40":{"start":{"line":99,"column":4},"end":{"line":103,"column":6}},"41":{"start":{"line":100,"column":6},"end":{"line":100,"column":33}},"42":{"start":{"line":102,"column":6},"end":{"line":102,"column":84}},"43":{"start":{"line":106,"column":2},"end":{"line":130,"column":4}},"44":{"start":{"line":107,"column":4},"end":{"line":111,"column":5}},"45":{"start":{"line":108,"column":6},"end":{"line":110,"column":7}},"46":{"start":{"line":109,"column":8},"end":{"line":109,"column":104}},"47":{"start":{"line":113,"column":4},"end":{"line":127,"column":6}},"48":{"start":{"line":114,"column":6},"end":{"line":118,"column":7}},"49":{"start":{"line":115,"column":8},"end":{"line":117,"column":9}},"50":{"start":{"line":116,"column":10},"end":{"line":116,"column":98}},"51":{"start":{"line":120,"column":6},"end":{"line":124,"column":9}},"52":{"start":{"line":121,"column":8},"end":{"line":121,"column":91}},"53":{"start":{"line":123,"column":8},"end":{"line":123,"column":86}},"54":{"start":{"line":126,"column":6},"end":{"line":126,"column":91}},"55":{"start":{"line":129,"column":4},"end":{"line":129,"column":89}},"56":{"start":{"line":133,"column":0},"end":{"line":153,"column":2}},"57":{"start":{"line":134,"column":11},"end":{"line":134,"column":24}},"58":{"start":{"line":135,"column":25},"end":{"line":138,"column":3}},"59":{"start":{"line":139,"column":2},"end":{"line":152,"column":7}},"60":{"start":{"line":141,"column":6},"end":{"line":143,"column":7}},"61":{"start":{"line":142,"column":8},"end":{"line":142,"column":124}},"62":{"start":{"line":144,"column":6},"end":{"line":146,"column":9}},"63":{"start":{"line":148,"column":6},"end":{"line":148,"column":82}},"64":{"start":{"line":151,"column":6},"end":{"line":151,"column":84}},"65":{"start":{"line":155,"column":0},"end":{"line":171,"column":2}},"66":{"start":{"line":156,"column":11},"end":{"line":156,"column":24}},"67":{"start":{"line":157,"column":2},"end":{"line":170,"column":7}},"68":{"start":{"line":159,"column":6},"end":{"line":161,"column":7}},"69":{"start":{"line":160,"column":8},"end":{"line":160,"column":124}},"70":{"start":{"line":162,"column":6},"end":{"line":164,"column":9}},"71":{"start":{"line":166,"column":6},"end":{"line":166,"column":54}},"72":{"start":{"line":169,"column":6},"end":{"line":169,"column":84}}},"fnMap":{"0":{"name":"(anonymous_0)","decl":{"start":{"line":4,"column":15},"end":{"line":4,"column":16}},"loc":{"start":{"line":4,"column":35},"end":{"line":14,"column":1}},"line":4},"1":{"name":"(anonymous_1)","decl":{"start":{"line":6,"column":10},"end":{"line":6,"column":11}},"loc":{"start":{"line":6,"column":34},"end":{"line":10,"column":5}},"line":6},"2":{"name":"(anonymous_2)","decl":{"start":{"line":11,"column":11},"end":{"line":11,"column":12}},"loc":{"start":{"line":11,"column":22},"end":{"line":13,"column":5}},"line":11},"3":{"name":"(anonymous_3)","decl":{"start":{"line":16,"column":14},"end":{"line":16,"column":15}},"loc":{"start":{"line":16,"column":34},"end":{"line":19,"column":3}},"line":16},"4":{"name":"(anonymous_4)","decl":{"start":{"line":21,"column":17},"end":{"line":21,"column":18}},"loc":{"start":{"line":21,"column":37},"end":{"line":53,"column":1}},"line":21},"5":{"name":"(anonymous_5)","decl":{"start":{"line":24,"column":25},"end":{"line":24,"column":26}},"loc":{"start":{"line":24,"column":55},"end":{"line":30,"column":3}},"line":24},"6":{"name":"(anonymous_6)","decl":{"start":{"line":25,"column":55},"end":{"line":25,"column":56}},"loc":{"start":{"line":25,"column":70},"end":{"line":27,"column":5}},"line":25},"7":{"name":"(anonymous_7)","decl":{"start":{"line":27,"column":13},"end":{"line":27,"column":14}},"loc":{"start":{"line":27,"column":22},"end":{"line":29,"column":5}},"line":27},"8":{"name":"(anonymous_8)","decl":{"start":{"line":32,"column":26},"end":{"line":32,"column":27}},"loc":{"start":{"line":32,"column":36},"end":{"line":49,"column":3}},"line":32},"9":{"name":"(anonymous_9)","decl":{"start":{"line":44,"column":12},"end":{"line":44,"column":13}},"loc":{"start":{"line":44,"column":29},"end":{"line":46,"column":5}},"line":44},"10":{"name":"(anonymous_10)","decl":{"start":{"line":46,"column":13},"end":{"line":46,"column":14}},"loc":{"start":{"line":46,"column":24},"end":{"line":48,"column":5}},"line":46},"11":{"name":"(anonymous_11)","decl":{"start":{"line":49,"column":5},"end":{"line":49,"column":6}},"loc":{"start":{"line":49,"column":16},"end":{"line":52,"column":3}},"line":49},"12":{"name":"(anonymous_12)","decl":{"start":{"line":55,"column":34},"end":{"line":55,"column":35}},"loc":{"start":{"line":55,"column":54},"end":{"line":72,"column":1}},"line":55},"13":{"name":"(anonymous_13)","decl":{"start":{"line":61,"column":10},"end":{"line":61,"column":11}},"loc":{"start":{"line":61,"column":34},"end":{"line":68,"column":5}},"line":61},"14":{"name":"(anonymous_14)","decl":{"start":{"line":69,"column":11},"end":{"line":69,"column":12}},"loc":{"start":{"line":69,"column":22},"end":{"line":71,"column":5}},"line":69},"15":{"name":"(anonymous_15)","decl":{"start":{"line":74,"column":18},"end":{"line":74,"column":19}},"loc":{"start":{"line":74,"column":38},"end":{"line":131,"column":1}},"line":74},"16":{"name":"(anonymous_16)","decl":{"start":{"line":90,"column":25},"end":{"line":90,"column":26}},"loc":{"start":{"line":90,"column":55},"end":{"line":96,"column":3}},"line":90},"17":{"name":"(anonymous_17)","decl":{"start":{"line":91,"column":55},"end":{"line":91,"column":56}},"loc":{"start":{"line":91,"column":70},"end":{"line":93,"column":5}},"line":91},"18":{"name":"(anonymous_18)","decl":{"start":{"line":93,"column":13},"end":{"line":93,"column":14}},"loc":{"start":{"line":93,"column":22},"end":{"line":95,"column":5}},"line":93},"19":{"name":"(anonymous_19)","decl":{"start":{"line":98,"column":22},"end":{"line":98,"column":23}},"loc":{"start":{"line":98,"column":47},"end":{"line":104,"column":3}},"line":98},"20":{"name":"(anonymous_20)","decl":{"start":{"line":99,"column":57},"end":{"line":99,"column":58}},"loc":{"start":{"line":99,"column":74},"end":{"line":101,"column":5}},"line":99},"21":{"name":"(anonymous_21)","decl":{"start":{"line":101,"column":13},"end":{"line":101,"column":14}},"loc":{"start":{"line":101,"column":22},"end":{"line":103,"column":5}},"line":101},"22":{"name":"(anonymous_22)","decl":{"start":{"line":106,"column":43},"end":{"line":106,"column":44}},"loc":{"start":{"line":106,"column":53},"end":{"line":128,"column":3}},"line":106},"23":{"name":"(anonymous_23)","decl":{"start":{"line":113,"column":20},"end":{"line":113,"column":21}},"loc":{"start":{"line":113,"column":30},"end":{"line":125,"column":5}},"line":113},"24":{"name":"(anonymous_24)","decl":{"start":{"line":120,"column":60},"end":{"line":120,"column":61}},"loc":{"start":{"line":120,"column":82},"end":{"line":122,"column":7}},"line":120},"25":{"name":"(anonymous_25)","decl":{"start":{"line":122,"column":15},"end":{"line":122,"column":16}},"loc":{"start":{"line":122,"column":26},"end":{"line":124,"column":7}},"line":122},"26":{"name":"(anonymous_26)","decl":{"start":{"line":125,"column":7},"end":{"line":125,"column":8}},"loc":{"start":{"line":125,"column":16},"end":{"line":127,"column":5}},"line":125},"27":{"name":"(anonymous_27)","decl":{"start":{"line":128,"column":5},"end":{"line":128,"column":6}},"loc":{"start":{"line":128,"column":14},"end":{"line":130,"column":3}},"line":128},"28":{"name":"(anonymous_28)","decl":{"start":{"line":133,"column":18},"end":{"line":133,"column":19}},"loc":{"start":{"line":133,"column":38},"end":{"line":153,"column":1}},"line":133},"29":{"name":"(anonymous_29)","decl":{"start":{"line":140,"column":10},"end":{"line":140,"column":11}},"loc":{"start":{"line":140,"column":20},"end":{"line":149,"column":5}},"line":140},"30":{"name":"(anonymous_30)","decl":{"start":{"line":150,"column":11},"end":{"line":150,"column":12}},"loc":{"start":{"line":150,"column":22},"end":{"line":152,"column":5}},"line":150},"31":{"name":"(anonymous_31)","decl":{"start":{"line":155,"column":15},"end":{"line":155,"column":16}},"loc":{"start":{"line":155,"column":35},"end":{"line":171,"column":1}},"line":155},"32":{"name":"(anonymous_32)","decl":{"start":{"line":158,"column":10},"end":{"line":158,"column":11}},"loc":{"start":{"line":158,"column":20},"end":{"line":167,"column":5}},"line":158},"33":{"name":"(anonymous_33)","decl":{"start":{"line":168,"column":11},"end":{"line":168,"column":12}},"loc":{"start":{"line":168,"column":22},"end":{"line":170,"column":5}},"line":168}},"branchMap":{"0":{"loc":{"start":{"line":33,"column":4},"end":{"line":35,"column":5}},"type":"if","locations":[{"start":{"line":33,"column":4},"end":{"line":35,"column":5}},{"start":{},"end":{}}],"line":33},"1":{"loc":{"start":{"line":63,"column":6},"end":{"line":67,"column":7}},"type":"if","locations":[{"start":{"line":63,"column":6},"end":{"line":67,"column":7}},{"start":{"line":65,"column":11},"end":{"line":67,"column":7}}],"line":63},"2":{"loc":{"start":{"line":107,"column":4},"end":{"line":111,"column":5}},"type":"if","locations":[{"start":{"line":107,"column":4},"end":{"line":111,"column":5}},{"start":{},"end":{}}],"line":107},"3":{"loc":{"start":{"line":108,"column":6},"end":{"line":110,"column":7}},"type":"if","locations":[{"start":{"line":108,"column":6},"end":{"line":110,"column":7}},{"start":{},"end":{}}],"line":108},"4":{"loc":{"start":{"line":114,"column":6},"end":{"line":118,"column":7}},"type":"if","locations":[{"start":{"line":114,"column":6},"end":{"line":118,"column":7}},{"start":{},"end":{}}],"line":114},"5":{"loc":{"start":{"line":115,"column":8},"end":{"line":117,"column":9}},"type":"if","locations":[{"start":{"line":115,"column":8},"end":{"line":117,"column":9}},{"start":{},"end":{}}],"line":115},"6":{"loc":{"start":{"line":141,"column":6},"end":{"line":143,"column":7}},"type":"if","locations":[{"start":{"line":141,"column":6},"end":{"line":143,"column":7}},{"start":{},"end":{}}],"line":141},"7":{"loc":{"start":{"line":159,"column":6},"end":{"line":161,"column":7}},"type":"if","locations":[{"start":{"line":159,"column":6},"end":{"line":161,"column":7}},{"start":{},"end":{}}],"line":159}},"s":{"0":5,"1":5,"2":5,"3":0,"4":0,"5":0,"6":0,"7":5,"8":0,"9":0,"10":5,"11":0,"12":0,"13":0,"14":0,"15":0,"16":0,"17":0,"18":0,"19":0,"20":0,"21":0,"22":0,"23":5,"24":0,"25":0,"26":0,"27":0,"28":0,"29":0,"30":0,"31":5,"32":0,"33":0,"34":0,"35":0,"36":0,"37":0,"38":0,"39":0,"40":0,"41":0,"42":0,"43":0,"44":0,"45":0,"46":0,"47":0,"48":0,"49":0,"50":0,"51":0,"52":0,"53":0,"54":0,"55":0,"56":5,"57":0,"58":0,"59":0,"60":0,"61":0,"62":0,"63":0,"64":0,"65":5,"66":0,"67":0,"68":0,"69":0,"70":0,"71":0,"72":0},"f":{"0":0,"1":0,"2":0,"3":0,"4":0,"5":0,"6":0,"7":0,"8":0,"9":0,"10":0,"11":0,"12":0,"13":0,"14":0,"15":0,"16":0,"17":0,"18":0,"19":0,"20":0,"21":0,"22":0,"23":0,"24":0,"25":0,"26":0,"27":0,"28":0,"29":0,"30":0,"31":0,"32":0,"33":0},"b":{"0":[0,0],"1":[0,0],"2":[0,0],"3":[0,0],"4":[0,0],"5":[0,0],"6":[0,0],"7":[0,0]},"_coverageSchema":"1a1c01bbd47fc00a2c39e90264f33305004495a9","hash":"4fa652dcb19fe69c7c937eeddfed210551492f0f"}
,"D:\\KM-BEJS-4\\Chapter 6\\CH6-BEJS-LUTHFIYAH SAKINAH-GITHUB\\controllers\\view\\userGamesController.js": {"path":"D:\\KM-BEJS-4\\Chapter 6\\CH6-BEJS-LUTHFIYAH SAKINAH-GITHUB\\controllers\\view\\userGamesController.js","statementMap":{"0":{"start":{"line":1,"column":58},"end":{"line":1,"column":81}},"1":{"start":{"line":2,"column":15},"end":{"line":2,"column":34}},"2":{"start":{"line":3,"column":15},"end":{"line":3,"column":32}},"3":{"start":{"line":5,"column":0},"end":{"line":19,"column":2}},"4":{"start":{"line":6,"column":2},"end":{"line":18,"column":7}},"5":{"start":{"line":8,"column":6},"end":{"line":14,"column":7}},"6":{"start":{"line":9,"column":27},"end":{"line":9,"column":46}},"7":{"start":{"line":11,"column":8},"end":{"line":11,"column":87}},"8":{"start":{"line":13,"column":8},"end":{"line":13,"column":97}},"9":{"start":{"line":17,"column":6},"end":{"line":17,"column":87}},"10":{"start":{"line":21,"column":0},"end":{"line":24,"column":2}},"11":{"start":{"line":22,"column":21},"end":{"line":22,"column":40}},"12":{"start":{"line":23,"column":2},"end":{"line":23,"column":63}},"13":{"start":{"line":26,"column":0},"end":{"line":64,"column":2}},"14":{"start":{"line":27,"column":40},"end":{"line":27,"column":48}},"15":{"start":{"line":28,"column":14},"end":{"line":28,"column":24}},"16":{"start":{"line":29,"column":2},"end":{"line":62,"column":5}},"17":{"start":{"line":34,"column":4},"end":{"line":37,"column":5}},"18":{"start":{"line":35,"column":6},"end":{"line":35,"column":108}},"19":{"start":{"line":36,"column":6},"end":{"line":36,"column":13}},"20":{"start":{"line":39,"column":4},"end":{"line":61,"column":7}},"21":{"start":{"line":44,"column":6},"end":{"line":47,"column":7}},"22":{"start":{"line":45,"column":8},"end":{"line":45,"column":107}},"23":{"start":{"line":46,"column":8},"end":{"line":46,"column":15}},"24":{"start":{"line":48,"column":6},"end":{"line":60,"column":11}},"25":{"start":{"line":56,"column":10},"end":{"line":56,"column":50}},"26":{"start":{"line":59,"column":10},"end":{"line":59,"column":88}},"27":{"start":{"line":65,"column":0},"end":{"line":84,"column":2}},"28":{"start":{"line":66,"column":13},"end":{"line":66,"column":26}},"29":{"start":{"line":67,"column":2},"end":{"line":83,"column":7}},"30":{"start":{"line":75,"column":6},"end":{"line":77,"column":7}},"31":{"start":{"line":76,"column":8},"end":{"line":76,"column":98}},"32":{"start":{"line":78,"column":25},"end":{"line":78,"column":44}},"33":{"start":{"line":79,"column":6},"end":{"line":79,"column":91}},"34":{"start":{"line":82,"column":6},"end":{"line":82,"column":84}},"35":{"start":{"line":86,"column":0},"end":{"line":111,"column":2}},"36":{"start":{"line":87,"column":13},"end":{"line":87,"column":26}},"37":{"start":{"line":88,"column":40},"end":{"line":88,"column":48}},"38":{"start":{"line":89,"column":14},"end":{"line":89,"column":24}},"39":{"start":{"line":90,"column":2},"end":{"line":110,"column":7}},"40":{"start":{"line":92,"column":6},"end":{"line":94,"column":7}},"41":{"start":{"line":93,"column":8},"end":{"line":93,"column":98}},"42":{"start":{"line":95,"column":6},"end":{"line":105,"column":8}},"43":{"start":{"line":106,"column":6},"end":{"line":106,"column":46}},"44":{"start":{"line":109,"column":6},"end":{"line":109,"column":84}},"45":{"start":{"line":113,"column":0},"end":{"line":128,"column":2}},"46":{"start":{"line":114,"column":17},"end":{"line":114,"column":27}},"47":{"start":{"line":115,"column":2},"end":{"line":127,"column":7}},"48":{"start":{"line":117,"column":6},"end":{"line":119,"column":7}},"49":{"start":{"line":118,"column":8},"end":{"line":118,"column":98}},"50":{"start":{"line":120,"column":6},"end":{"line":122,"column":9}},"51":{"start":{"line":123,"column":6},"end":{"line":123,"column":46}},"52":{"start":{"line":126,"column":6},"end":{"line":126,"column":84}}},"fnMap":{"0":{"name":"(anonymous_0)","decl":{"start":{"line":5,"column":16},"end":{"line":5,"column":17}},"loc":{"start":{"line":5,"column":36},"end":{"line":19,"column":1}},"line":5},"1":{"name":"(anonymous_1)","decl":{"start":{"line":7,"column":10},"end":{"line":7,"column":11}},"loc":{"start":{"line":7,"column":26},"end":{"line":15,"column":5}},"line":7},"2":{"name":"(anonymous_2)","decl":{"start":{"line":16,"column":11},"end":{"line":16,"column":12}},"loc":{"start":{"line":16,"column":22},"end":{"line":18,"column":5}},"line":16},"3":{"name":"(anonymous_3)","decl":{"start":{"line":21,"column":23},"end":{"line":21,"column":24}},"loc":{"start":{"line":21,"column":43},"end":{"line":24,"column":1}},"line":21},"4":{"name":"(anonymous_4)","decl":{"start":{"line":26,"column":26},"end":{"line":26,"column":27}},"loc":{"start":{"line":26,"column":46},"end":{"line":64,"column":1}},"line":26},"5":{"name":"(anonymous_5)","decl":{"start":{"line":33,"column":10},"end":{"line":33,"column":11}},"loc":{"start":{"line":33,"column":18},"end":{"line":62,"column":3}},"line":33},"6":{"name":"(anonymous_6)","decl":{"start":{"line":43,"column":12},"end":{"line":43,"column":13}},"loc":{"start":{"line":43,"column":20},"end":{"line":61,"column":5}},"line":43},"7":{"name":"(anonymous_7)","decl":{"start":{"line":55,"column":14},"end":{"line":55,"column":15}},"loc":{"start":{"line":55,"column":24},"end":{"line":57,"column":9}},"line":55},"8":{"name":"(anonymous_8)","decl":{"start":{"line":58,"column":15},"end":{"line":58,"column":16}},"loc":{"start":{"line":58,"column":26},"end":{"line":60,"column":9}},"line":58},"9":{"name":"(anonymous_9)","decl":{"start":{"line":65,"column":15},"end":{"line":65,"column":16}},"loc":{"start":{"line":65,"column":35},"end":{"line":84,"column":1}},"line":65},"10":{"name":"(anonymous_10)","decl":{"start":{"line":74,"column":10},"end":{"line":74,"column":11}},"loc":{"start":{"line":74,"column":26},"end":{"line":80,"column":5}},"line":74},"11":{"name":"(anonymous_11)","decl":{"start":{"line":81,"column":11},"end":{"line":81,"column":12}},"loc":{"start":{"line":81,"column":22},"end":{"line":83,"column":5}},"line":81},"12":{"name":"(anonymous_12)","decl":{"start":{"line":86,"column":26},"end":{"line":86,"column":27}},"loc":{"start":{"line":86,"column":46},"end":{"line":111,"column":1}},"line":86},"13":{"name":"(anonymous_13)","decl":{"start":{"line":91,"column":10},"end":{"line":91,"column":11}},"loc":{"start":{"line":91,"column":25},"end":{"line":107,"column":5}},"line":91},"14":{"name":"(anonymous_14)","decl":{"start":{"line":108,"column":11},"end":{"line":108,"column":12}},"loc":{"start":{"line":108,"column":22},"end":{"line":110,"column":5}},"line":108},"15":{"name":"(anonymous_15)","decl":{"start":{"line":113,"column":26},"end":{"line":113,"column":27}},"loc":{"start":{"line":113,"column":52},"end":{"line":128,"column":1}},"line":113},"16":{"name":"(anonymous_16)","decl":{"start":{"line":116,"column":10},"end":{"line":116,"column":11}},"loc":{"start":{"line":116,"column":20},"end":{"line":124,"column":5}},"line":116},"17":{"name":"(anonymous_17)","decl":{"start":{"line":125,"column":11},"end":{"line":125,"column":12}},"loc":{"start":{"line":125,"column":22},"end":{"line":127,"column":5}},"line":125}},"branchMap":{"0":{"loc":{"start":{"line":8,"column":6},"end":{"line":14,"column":7}},"type":"if","locations":[{"start":{"line":8,"column":6},"end":{"line":14,"column":7}},{"start":{"line":12,"column":11},"end":{"line":14,"column":7}}],"line":8},"1":{"loc":{"start":{"line":34,"column":4},"end":{"line":37,"column":5}},"type":"if","locations":[{"start":{"line":34,"column":4},"end":{"line":37,"column":5}},{"start":{},"end":{}}],"line":34},"2":{"loc":{"start":{"line":44,"column":6},"end":{"line":47,"column":7}},"type":"if","locations":[{"start":{"line":44,"column":6},"end":{"line":47,"column":7}},{"start":{},"end":{}}],"line":44},"3":{"loc":{"start":{"line":75,"column":6},"end":{"line":77,"column":7}},"type":"if","locations":[{"start":{"line":75,"column":6},"end":{"line":77,"column":7}},{"start":{},"end":{}}],"line":75},"4":{"loc":{"start":{"line":92,"column":6},"end":{"line":94,"column":7}},"type":"if","locations":[{"start":{"line":92,"column":6},"end":{"line":94,"column":7}},{"start":{},"end":{}}],"line":92},"5":{"loc":{"start":{"line":117,"column":6},"end":{"line":119,"column":7}},"type":"if","locations":[{"start":{"line":117,"column":6},"end":{"line":119,"column":7}},{"start":{},"end":{}}],"line":117}},"s":{"0":5,"1":5,"2":5,"3":5,"4":0,"5":0,"6":0,"7":0,"8":0,"9":0,"10":5,"11":0,"12":0,"13":5,"14":0,"15":0,"16":0,"17":0,"18":0,"19":0,"20":0,"21":0,"22":0,"23":0,"24":0,"25":0,"26":0,"27":5,"28":0,"29":0,"30":0,"31":0,"32":0,"33":0,"34":0,"35":5,"36":0,"37":0,"38":0,"39":0,"40":0,"41":0,"42":0,"43":0,"44":0,"45":5,"46":0,"47":0,"48":0,"49":0,"50":0,"51":0,"52":0},"f":{"0":0,"1":0,"2":0,"3":0,"4":0,"5":0,"6":0,"7":0,"8":0,"9":0,"10":0,"11":0,"12":0,"13":0,"14":0,"15":0,"16":0,"17":0},"b":{"0":[0,0],"1":[0,0],"2":[0,0],"3":[0,0],"4":[0,0],"5":[0,0]},"_coverageSchema":"1a1c01bbd47fc00a2c39e90264f33305004495a9","hash":"beae89709aa25722a1d542970d75a71608a832b5"}
,"D:\\KM-BEJS-4\\Chapter 6\\CH6-BEJS-LUTHFIYAH SAKINAH-GITHUB\\controllers\\view\\userGamesHistoryController.js": {"path":"D:\\KM-BEJS-4\\Chapter 6\\CH6-BEJS-LUTHFIYAH SAKINAH-GITHUB\\controllers\\view\\userGamesHistoryController.js","statementMap":{"0":{"start":{"line":1,"column":39},"end":{"line":1,"column":62}},"1":{"start":{"line":2,"column":24},"end":{"line":2,"column":44}},"2":{"start":{"line":3,"column":15},"end":{"line":3,"column":32}},"3":{"start":{"line":5,"column":0},"end":{"line":14,"column":2}},"4":{"start":{"line":6,"column":2},"end":{"line":13,"column":7}},"5":{"start":{"line":8,"column":25},"end":{"line":8,"column":44}},"6":{"start":{"line":9,"column":6},"end":{"line":9,"column":100}},"7":{"start":{"line":12,"column":6},"end":{"line":12,"column":84}},"8":{"start":{"line":15,"column":0},"end":{"line":18,"column":4}},"9":{"start":{"line":16,"column":23},"end":{"line":16,"column":42}},"10":{"start":{"line":17,"column":4},"end":{"line":17,"column":61}},"11":{"start":{"line":20,"column":0},"end":{"line":53,"column":2}},"12":{"start":{"line":21,"column":55},"end":{"line":21,"column":63}},"13":{"start":{"line":23,"column":25},"end":{"line":29,"column":3}},"14":{"start":{"line":24,"column":4},"end":{"line":28,"column":6}},"15":{"start":{"line":25,"column":6},"end":{"line":25,"column":31}},"16":{"start":{"line":27,"column":6},"end":{"line":27,"column":24}},"17":{"start":{"line":31,"column":2},"end":{"line":52,"column":4}},"18":{"start":{"line":32,"column":4},"end":{"line":34,"column":5}},"19":{"start":{"line":33,"column":6},"end":{"line":33,"column":103}},"20":{"start":{"line":36,"column":19},"end":{"line":36,"column":62}},"21":{"start":{"line":38,"column":4},"end":{"line":48,"column":7}},"22":{"start":{"line":45,"column":6},"end":{"line":45,"column":72}},"23":{"start":{"line":47,"column":6},"end":{"line":47,"column":84}},"24":{"start":{"line":51,"column":4},"end":{"line":51,"column":84}},"25":{"start":{"line":55,"column":0},"end":{"line":70,"column":2}},"26":{"start":{"line":56,"column":13},"end":{"line":56,"column":26}},"27":{"start":{"line":57,"column":2},"end":{"line":69,"column":7}},"28":{"start":{"line":59,"column":25},"end":{"line":59,"column":44}},"29":{"start":{"line":60,"column":8},"end":{"line":64,"column":9}},"30":{"start":{"line":61,"column":12},"end":{"line":61,"column":92}},"31":{"start":{"line":63,"column":12},"end":{"line":63,"column":119}},"32":{"start":{"line":67,"column":6},"end":{"line":67,"column":44}},"33":{"start":{"line":67,"column":25},"end":{"line":67,"column":44}},"34":{"start":{"line":68,"column":6},"end":{"line":68,"column":18}},"35":{"start":{"line":72,"column":0},"end":{"line":86,"column":2}},"36":{"start":{"line":73,"column":13},"end":{"line":73,"column":26}},"37":{"start":{"line":74,"column":2},"end":{"line":85,"column":7}},"38":{"start":{"line":76,"column":8},"end":{"line":80,"column":9}},"39":{"start":{"line":77,"column":12},"end":{"line":77,"column":79}},"40":{"start":{"line":79,"column":12},"end":{"line":79,"column":108}},"41":{"start":{"line":83,"column":6},"end":{"line":83,"column":44}},"42":{"start":{"line":83,"column":25},"end":{"line":83,"column":44}},"43":{"start":{"line":84,"column":6},"end":{"line":84,"column":18}},"44":{"start":{"line":88,"column":0},"end":{"line":144,"column":2}},"45":{"start":{"line":89,"column":11},"end":{"line":89,"column":24}},"46":{"start":{"line":90,"column":17},"end":{"line":90,"column":80}},"47":{"start":{"line":91,"column":25},"end":{"line":97,"column":3}},"48":{"start":{"line":98,"column":14},"end":{"line":102,"column":3}},"49":{"start":{"line":104,"column":25},"end":{"line":110,"column":3}},"50":{"start":{"line":105,"column":4},"end":{"line":109,"column":6}},"51":{"start":{"line":106,"column":6},"end":{"line":106,"column":31}},"52":{"start":{"line":108,"column":6},"end":{"line":108,"column":24}},"53":{"start":{"line":112,"column":22},"end":{"line":118,"column":3}},"54":{"start":{"line":113,"column":4},"end":{"line":117,"column":6}},"55":{"start":{"line":114,"column":6},"end":{"line":114,"column":33}},"56":{"start":{"line":116,"column":6},"end":{"line":116,"column":24}},"57":{"start":{"line":120,"column":2},"end":{"line":143,"column":4}},"58":{"start":{"line":121,"column":4},"end":{"line":123,"column":5}},"59":{"start":{"line":122,"column":6},"end":{"line":122,"column":102}},"60":{"start":{"line":125,"column":4},"end":{"line":139,"column":6}},"61":{"start":{"line":126,"column":6},"end":{"line":128,"column":7}},"62":{"start":{"line":127,"column":8},"end":{"line":127,"column":104}},"63":{"start":{"line":130,"column":6},"end":{"line":135,"column":9}},"64":{"start":{"line":131,"column":8},"end":{"line":131,"column":91}},"65":{"start":{"line":133,"column":8},"end":{"line":133,"column":46}},"66":{"start":{"line":133,"column":27},"end":{"line":133,"column":46}},"67":{"start":{"line":134,"column":8},"end":{"line":134,"column":20}},"68":{"start":{"line":138,"column":6},"end":{"line":138,"column":86}},"69":{"start":{"line":142,"column":4},"end":{"line":142,"column":84}},"70":{"start":{"line":146,"column":0},"end":{"line":164,"column":2}},"71":{"start":{"line":147,"column":17},"end":{"line":147,"column":27}},"72":{"start":{"line":148,"column":2},"end":{"line":163,"column":7}},"73":{"start":{"line":150,"column":6},"end":{"line":154,"column":7}},"74":{"start":{"line":151,"column":22},"end":{"line":151,"column":76}},"75":{"start":{"line":152,"column":8},"end":{"line":152,"column":27}},"76":{"start":{"line":153,"column":8},"end":{"line":153,"column":20}},"77":{"start":{"line":155,"column":6},"end":{"line":157,"column":9}},"78":{"start":{"line":158,"column":6},"end":{"line":158,"column":82}},"79":{"start":{"line":161,"column":6},"end":{"line":161,"column":44}},"80":{"start":{"line":161,"column":25},"end":{"line":161,"column":44}},"81":{"start":{"line":162,"column":6},"end":{"line":162,"column":18}},"82":{"start":{"line":166,"column":0},"end":{"line":185,"column":4}},"83":{"start":{"line":167,"column":19},"end":{"line":167,"column":29}},"84":{"start":{"line":168,"column":4},"end":{"line":184,"column":9}},"85":{"start":{"line":170,"column":8},"end":{"line":174,"column":9}},"86":{"start":{"line":171,"column":24},"end":{"line":171,"column":78}},"87":{"start":{"line":172,"column":10},"end":{"line":172,"column":29}},"88":{"start":{"line":173,"column":10},"end":{"line":173,"column":22}},"89":{"start":{"line":175,"column":20},"end":{"line":175,"column":32}},"90":{"start":{"line":176,"column":8},"end":{"line":178,"column":11}},"91":{"start":{"line":179,"column":8},"end":{"line":179,"column":63}},"92":{"start":{"line":182,"column":8},"end":{"line":182,"column":46}},"93":{"start":{"line":182,"column":27},"end":{"line":182,"column":46}},"94":{"start":{"line":183,"column":8},"end":{"line":183,"column":20}}},"fnMap":{"0":{"name":"(anonymous_0)","decl":{"start":{"line":5,"column":14},"end":{"line":5,"column":15}},"loc":{"start":{"line":5,"column":34},"end":{"line":14,"column":1}},"line":5},"1":{"name":"(anonymous_1)","decl":{"start":{"line":7,"column":10},"end":{"line":7,"column":11}},"loc":{"start":{"line":7,"column":34},"end":{"line":10,"column":5}},"line":7},"2":{"name":"(anonymous_2)","decl":{"start":{"line":11,"column":11},"end":{"line":11,"column":12}},"loc":{"start":{"line":11,"column":22},"end":{"line":13,"column":5}},"line":11},"3":{"name":"(anonymous_3)","decl":{"start":{"line":15,"column":14},"end":{"line":15,"column":15}},"loc":{"start":{"line":15,"column":34},"end":{"line":18,"column":3}},"line":15},"4":{"name":"(anonymous_4)","decl":{"start":{"line":20,"column":17},"end":{"line":20,"column":18}},"loc":{"start":{"line":20,"column":37},"end":{"line":53,"column":1}},"line":20},"5":{"name":"(anonymous_5)","decl":{"start":{"line":23,"column":25},"end":{"line":23,"column":26}},"loc":{"start":{"line":23,"column":55},"end":{"line":29,"column":3}},"line":23},"6":{"name":"(anonymous_6)","decl":{"start":{"line":24,"column":55},"end":{"line":24,"column":56}},"loc":{"start":{"line":24,"column":70},"end":{"line":26,"column":5}},"line":24},"7":{"name":"(anonymous_7)","decl":{"start":{"line":26,"column":13},"end":{"line":26,"column":14}},"loc":{"start":{"line":26,"column":22},"end":{"line":28,"column":5}},"line":26},"8":{"name":"(anonymous_8)","decl":{"start":{"line":31,"column":26},"end":{"line":31,"column":27}},"loc":{"start":{"line":31,"column":36},"end":{"line":49,"column":3}},"line":31},"9":{"name":"(anonymous_9)","decl":{"start":{"line":44,"column":12},"end":{"line":44,"column":13}},"loc":{"start":{"line":44,"column":29},"end":{"line":46,"column":5}},"line":44},"10":{"name":"(anonymous_10)","decl":{"start":{"line":46,"column":13},"end":{"line":46,"column":14}},"loc":{"start":{"line":46,"column":24},"end":{"line":48,"column":5}},"line":46},"11":{"name":"(anonymous_11)","decl":{"start":{"line":49,"column":5},"end":{"line":49,"column":6}},"loc":{"start":{"line":49,"column":16},"end":{"line":52,"column":3}},"line":49},"12":{"name":"(anonymous_12)","decl":{"start":{"line":55,"column":34},"end":{"line":55,"column":35}},"loc":{"start":{"line":55,"column":54},"end":{"line":70,"column":1}},"line":55},"13":{"name":"(anonymous_13)","decl":{"start":{"line":58,"column":10},"end":{"line":58,"column":11}},"loc":{"start":{"line":58,"column":34},"end":{"line":65,"column":5}},"line":58},"14":{"name":"(anonymous_14)","decl":{"start":{"line":66,"column":11},"end":{"line":66,"column":12}},"loc":{"start":{"line":66,"column":22},"end":{"line":69,"column":5}},"line":66},"15":{"name":"(anonymous_15)","decl":{"start":{"line":72,"column":18},"end":{"line":72,"column":19}},"loc":{"start":{"line":72,"column":38},"end":{"line":86,"column":1}},"line":72},"16":{"name":"(anonymous_16)","decl":{"start":{"line":75,"column":10},"end":{"line":75,"column":11}},"loc":{"start":{"line":75,"column":34},"end":{"line":81,"column":5}},"line":75},"17":{"name":"(anonymous_17)","decl":{"start":{"line":82,"column":11},"end":{"line":82,"column":12}},"loc":{"start":{"line":82,"column":22},"end":{"line":85,"column":5}},"line":82},"18":{"name":"(anonymous_18)","decl":{"start":{"line":88,"column":17},"end":{"line":88,"column":18}},"loc":{"start":{"line":88,"column":37},"end":{"line":144,"column":1}},"line":88},"19":{"name":"(anonymous_19)","decl":{"start":{"line":104,"column":
[...]
6,"column":5}},"11":{"start":{"line":21,"column":4},"end":{"line":21,"column":90}},"12":{"start":{"line":24,"column":18},"end":{"line":24,"column":85}},"13":{"start":{"line":25,"column":4},"end":{"line":25,"column":27}},"14":{"start":{"line":28,"column":0},"end":{"line":32,"column":3}},"15":{"start":{"line":29,"column":2},"end":{"line":31,"column":3}},"16":{"start":{"line":30,"column":4},"end":{"line":30,"column":32}},"17":{"start":{"line":34,"column":0},"end":{"line":34,"column":25}},"18":{"start":{"line":35,"column":0},"end":{"line":35,"column":25}},"19":{"start":{"line":37,"column":0},"end":{"line":37,"column":20}}},"fnMap":{"0":{"name":"(anonymous_0)","decl":{"start":{"line":20,"column":10},"end":{"line":20,"column":11}},"loc":{"start":{"line":20,"column":18},"end":{"line":22,"column":3}},"line":20},"1":{"name":"(anonymous_1)","decl":{"start":{"line":23,"column":11},"end":{"line":23,"column":12}},"loc":{"start":{"line":23,"column":19},"end":{"line":26,"column":3}},"line":23},"2":{"name":"(anonymous_2)","decl":{"start":{"line":28,"column":24},"end":{"line":28,"column":25}},"loc":{"start":{"line":28,"column":37},"end":{"line":32,"column":1}},"line":28}},"branchMap":{"0":{"loc":{"start":{"line":7,"column":12},"end":{"line":7,"column":49}},"type":"binary-expr","locations":[{"start":{"line":7,"column":12},"end":{"line":7,"column":32}},{"start":{"line":7,"column":36},"end":{"line":7,"column":49}}],"line":7},"1":{"loc":{"start":{"line":12,"column":0},"end":{"line":16,"column":1}},"type":"if","locations":[{"start":{"line":12,"column":0},"end":{"line":16,"column":1}},{"start":{"line":14,"column":7},"end":{"line":16,"column":1}}],"line":12},"2":{"loc":{"start":{"line":21,"column":11},"end":{"line":21,"column":89}},"type":"binary-expr","locations":[{"start":{"line":21,"column":12},"end":{"line":21,"column":35}},{"start":{"line":21,"column":41},"end":{"line":21,"column":58}},{"start":{"line":21,"column":64},"end":{"line":21,"column":88}}],"line":21},"3":{"loc":{"start":{"line":29,"column":2},"end":{"line":31,"column":3}},"type":"if","locations":[{"start":{"line":29,"column":2},"end":{"line":31,"column":3}},{"start":{},"end":{}}],"line":29}},"s":{"0":5,"1":5,"2":5,"3":5,"4":5,"5":5,"6":5,"7":5,"8":0,"9":5,"10":5,"11":20,"12":15,"13":15,"14":5,"15":15,"16":15,"17":5,"18":5,"19":5},"f":{"0":20,"1":15,"2":15},"b":{"0":[5,0],"1":[0,5],"2":[20,20,15],"3":[15,0]},"_coverageSchema":"1a1c01bbd47fc00a2c39e90264f33305004495a9","hash":"bcce5a729fc825b7cd85888372f43599a423c485"}
,"D:\\KM-BEJS-4\\Chapter 6\\CH6-BEJS-LUTHFIYAH SAKINAH-GITHUB\\models\\usergames.js": {"path":"D:\\KM-BEJS-4\\Chapter 6\\CH6-BEJS-LUTHFIYAH SAKINAH-GITHUB\\models\\usergames.js","statementMap":{"0":{"start":{"line":4,"column":4},"end":{"line":4,"column":24}},"1":{"start":{"line":5,"column":0},"end":{"line":28,"column":2}},"2":{"start":{"line":14,"column":6},"end":{"line":14,"column":82}},"3":{"start":{"line":15,"column":6},"end":{"line":15,"column":83}},"4":{"start":{"line":18,"column":2},"end":{"line":26,"column":5}},"5":{"start":{"line":27,"column":2},"end":{"line":27,"column":19}}},"fnMap":{"0":{"name":"(anonymous_0)","decl":{"start":{"line":5,"column":17},"end":{"line":5,"column":18}},"loc":{"start":{"line":5,"column":43},"end":{"line":28,"column":1}},"line":5},"1":{"name":"(anonymous_1)","decl":{"start":{"line":12,"column":4},"end":{"line":12,"column":5}},"loc":{"start":{"line":12,"column":29},"end":{"line":16,"column":5}},"line":12}},"branchMap":{},"s":{"0":5,"1":5,"2":5,"3":5,"4":5,"5":5},"f":{"0":5,"1":5},"b":{},"_coverageSchema":"1a1c01bbd47fc00a2c39e90264f33305004495a9","hash":"991f4f337000b2d49d6ad675d3009c5becb8ea5a"}
,"D:\\KM-BEJS-4\\Chapter 6\\CH6-BEJS-LUTHFIYAH SAKINAH-GITHUB\\models\\usergamesbiodata.js": {"path":"D:\\KM-BEJS-4\\Chapter 6\\CH6-BEJS-LUTHFIYAH SAKINAH-GITHUB\\models\\usergamesbiodata.js","statementMap":{"0":{"start":{"line":4,"column":4},"end":{"line":4,"column":24}},"1":{"start":{"line":5,"column":0},"end":{"line":30,"column":2}},"2":{"start":{"line":14,"column":6},"end":{"line":14,"column":75}},"3":{"start":{"line":17,"column":2},"end":{"line":28,"column":5}},"4":{"start":{"line":29,"column":2},"end":{"line":29,"column":26}}},"fnMap":{"0":{"name":"(anonymous_0)","decl":{"start":{"line":5,"column":17},"end":{"line":5,"column":18}},"loc":{"start":{"line":5,"column":43},"end":{"line":30,"column":1}},"line":5},"1":{"name":"(anonymous_1)","decl":{"start":{"line":12,"column":4},"end":{"line":12,"column":5}},"loc":{"start":{"line":12,"column":29},"end":{"line":15,"column":5}},"line":12}},"branchMap":{},"s":{"0":5,"1":5,"2":5,"3":5,"4":5},"f":{"0":5,"1":5},"b":{},"_coverageSchema":"1a1c01bbd47fc00a2c39e90264f33305004495a9","hash":"23e64c023746d92ab1fea9a3cda2fd9b7bf7e54e"}
,"D:\\KM-BEJS-4\\Chapter 6\\CH6-BEJS-LUTHFIYAH SAKINAH-GITHUB\\models\\usergameshistory.js": {"path":"D:\\KM-BEJS-4\\Chapter 6\\CH6-BEJS-LUTHFIYAH SAKINAH-GITHUB\\models\\usergameshistory.js","statementMap":{"0":{"start":{"line":4,"column":4},"end":{"line":4,"column":24}},"1":{"start":{"line":5,"column":0},"end":{"line":29,"column":2}},"2":{"start":{"line":14,"column":6},"end":{"line":14,"column":75}},"3":{"start":{"line":17,"column":2},"end":{"line":27,"column":5}},"4":{"start":{"line":28,"column":2},"end":{"line":28,"column":26}}},"fnMap":{"0":{"name":"(anonymous_0)","decl":{"start":{"line":5,"column":17},"end":{"line":5,"column":18}},"loc":{"start":{"line":5,"column":43},"end":{"line":29,"column":1}},"line":5},"1":{"name":"(anonymous_1)","decl":{"start":{"line":12,"column":4},"end":{"line":12,"column":5}},"loc":{"start":{"line":12,"column":29},"end":{"line":15,"column":5}},"line":12}},"branchMap":{},"s":{"0":5,"1":5,"2":5,"3":5,"4":5},"f":{"0":5,"1":5},"b":{},"_coverageSchema":"1a1c01bbd47fc00a2c39e90264f33305004495a9","hash":"9d0194f7c7b7d18d98f728b086ada4d526108486"}
,"D:\\KM-BEJS-4\\Chapter 6\\CH6-BEJS-LUTHFIYAH SAKINAH-GITHUB\\routes\\authApiRouter.js": {"path":"D:\\KM-BEJS-4\\Chapter 6\\CH6-BEJS-LUTHFIYAH SAKINAH-GITHUB\\routes\\authApiRouter.js","statementMap":{"0":{"start":{"line":1,"column":16},"end":{"line":1,"column":34}},"1":{"start":{"line":2,"column":15},"end":{"line":2,"column":31}},"2":{"start":{"line":3,"column":12},"end":{"line":3,"column":58}},"3":{"start":{"line":5,"column":0},"end":{"line":5,"column":32}},"4":{"start":{"line":6,"column":0},"end":{"line":6,"column":38}},"5":{"start":{"line":8,"column":0},"end":{"line":8,"column":23}}},"fnMap":{},"branchMap":{},"s":{"0":5,"1":5,"2":5,"3":5,"4":5,"5":5},"f":{},"b":{},"_coverageSchema":"1a1c01bbd47fc00a2c39e90264f33305004495a9","hash":"afa0c3a71090c7ac2e9bd3058c8f687d2e913404"}
,"D:\\KM-BEJS-4\\Chapter 6\\CH6-BEJS-LUTHFIYAH SAKINAH-GITHUB\\routes\\authViewRouter.js": {"path":"D:\\KM-BEJS-4\\Chapter 6\\CH6-BEJS-LUTHFIYAH SAKINAH-GITHUB\\routes\\authViewRouter.js","statementMap":{"0":{"start":{"line":1,"column":16},"end":{"line":1,"column":34}},"1":{"start":{"line":2,"column":12},"end":{"line":2,"column":43}},"2":{"start":{"line":3,"column":15},"end":{"line":3,"column":31}},"3":{"start":{"line":4,"column":12},"end":{"line":4,"column":59}},"4":{"start":{"line":5,"column":17},"end":{"line":5,"column":36}},"5":{"start":{"line":8,"column":4},"end":{"line":10,"column":5}},"6":{"start":{"line":9,"column":6},"end":{"line":9,"column":40}},"7":{"start":{"line":11,"column":4},"end":{"line":11,"column":11}},"8":{"start":{"line":14,"column":0},"end":{"line":14,"column":31}},"9":{"start":{"line":15,"column":0},"end":{"line":15,"column":37}},"10":{"start":{"line":16,"column":0},"end":{"line":16,"column":45}},"11":{"start":{"line":17,"column":0},"end":{"line":21,"column":4}},"12":{"start":{"line":22,"column":0},"end":{"line":25,"column":5}},"13":{"start":{"line":23,"column":4},"end":{"line":23,"column":17}},"14":{"start":{"line":24,"column":4},"end":{"line":24,"column":26}},"15":{"start":{"line":26,"column":0},"end":{"line":26,"column":23}}},"fnMap":{"0":{"name":"checkNotAuthenticated","decl":{"start":{"line":7,"column":9},"end":{"line":7,"column":30}},"loc":{"start":{"line":7,"column":47},"end":{"line":12,"column":3}},"line":7},"1":{"name":"(anonymous_1)","decl":{"start":{"line":22,"column":22},"end":{"line":22,"column":23}},"loc":{"start":{"line":22,"column":33},"end":{"line":25,"column":3}},"line":22}},"branchMap":{"0":{"loc":{"start":{"line":8,"column":4},"end":{"line":10,"column":5}},"type":"if","locations":[{"start":{"line":8,"column":4},"end":{"line":10,"column":5}},{"start":{},"end":{}}],"line":8}},"s":{"0":5,"1":5,"2":5,"3":5,"4":5,"5":4,"6":0,"7":4,"8":5,"9":5,"10":5,"11":5,"12":5,"13":2,"14":2,"15":5},"f":{"0":4,"1":2},"b":{"0":[0,4]},"_coverageSchema":"1a1c01bbd47fc00a2c39e90264f33305004495a9","hash":"f5a82e32204ffab147f3c9965fbc5f63ec46857c"}
,"D:\\KM-BEJS-4\\Chapter 6\\CH6-BEJS-LUTHFIYAH SAKINAH-GITHUB\\routes\\api\\api.user.games.biodata.js": {"path":"D:\\KM-BEJS-4\\Chapter 6\\CH6-BEJS-LUTHFIYAH SAKINAH-GITHUB\\routes\\api\\api.user.games.biodata.js","statementMap":{"0":{"start":{"line":1,"column":16},"end":{"line":1,"column":34}},"1":{"start":{"line":2,"column":15},"end":{"line":2,"column":31}},"2":{"start":{"line":3,"column":22},"end":{"line":3,"column":81}},"3":{"start":{"line":5,"column":0},"end":{"line":5,"column":51}},"4":{"start":{"line":7,"column":0},"end":{"line":7,"column":58}},"5":{"start":{"line":9,"column":0},"end":{"line":9,"column":52}},"6":{"start":{"line":11,"column":0},"end":{"line":11,"column":57}},"7":{"start":{"line":13,"column":0},"end":{"line":13,"column":60}},"8":{"start":{"line":15,"column":0},"end":{"line":15,"column":24}}},"fnMap":{},"branchMap":{},"s":{"0":5,"1":5,"2":5,"3":5,"4":5,"5":5,"6":5,"7":5,"8":5},"f":{},"b":{},"_coverageSchema":"1a1c01bbd47fc00a2c39e90264f33305004495a9","hash":"279991b4335d7dc9dac506ef6562a9e6e29c601f"}
,"D:\\KM-BEJS-4\\Chapter 6\\CH6-BEJS-LUTHFIYAH SAKINAH-GITHUB\\routes\\api\\api.user.games.history.js": {"path":"D:\\KM-BEJS-4\\Chapter 6\\CH6-BEJS-LUTHFIYAH SAKINAH-GITHUB\\routes\\api\\api.user.games.history.js","statementMap":{"0":{"start":{"line":1,"column":16},"end":{"line":1,"column":34}},"1":{"start":{"line":2,"column":15},"end":{"line":2,"column":31}},"2":{"start":{"line":3,"column":22},"end":{"line":3,"column":81}},"3":{"start":{"line":5,"column":0},"end":{"line":5,"column":51}},"4":{"start":{"line":7,"column":0},"end":{"line":7,"column":58}},"5":{"start":{"line":9,"column":0},"end":{"line":9,"column":52}},"6":{"start":{"line":11,"column":0},"end":{"line":11,"column":57}},"7":{"start":{"line":13,"column":0},"end":{"line":13,"column":60}},"8":{"start":{"line":15,"column":0},"end":{"line":15,"column":24}}},"fnMap":{},"branchMap":{},"s":{"0":5,"1":5,"2":5,"3":5,"4":5,"5":5,"6":5,"7":5,"8":5},"f":{},"b":{},"_coverageSchema":"1a1c01bbd47fc00a2c39e90264f33305004495a9","hash":"890d6431ea0dc8d9ace9e1fe2385d53be99c72d5"}
,"D:\\KM-BEJS-4\\Chapter 6\\CH6-BEJS-LUTHFIYAH SAKINAH-GITHUB\\routes\\api\\api.user.games.js": {"path":"D:\\KM-BEJS-4\\Chapter 6\\CH6-BEJS-LUTHFIYAH SAKINAH-GITHUB\\routes\\api\\api.user.games.js","statementMap":{"0":{"start":{"line":1,"column":16},"end":{"line":1,"column":34}},"1":{"start":{"line":2,"column":15},"end":{"line":2,"column":31}},"2":{"start":{"line":3,"column":22},"end":{"line":3,"column":74}},"3":{"start":{"line":5,"column":0},"end":{"line":5,"column":44}},"4":{"start":{"line":7,"column":0},"end":{"line":7,"column":51}},"5":{"start":{"line":9,"column":0},"end":{"line":9,"column":45}},"6":{"start":{"line":11,"column":0},"end":{"line":11,"column":54}},"7":{"start":{"line":13,"column":0},"end":{"line":13,"column":50}},"8":{"start":{"line":15,"column":0},"end":{"line":15,"column":53}},"9":{"start":{"line":17,"column":0},"end":{"line":17,"column":24}}},"fnMap":{},"branchMap":{},"s":{"0":5,"1":5,"2":5,"3":5,"4":5,"5":5,"6":5,"7":5,"8":5,"9":5},"f":{},"b":{},"_coverageSchema":"1a1c01bbd47fc00a2c39e90264f33305004495a9","hash":"05dfbc9554fb4564209d380631d18f61484dfedd"}
,"D:\\KM-BEJS-4\\Chapter 6\\CH6-BEJS-LUTHFIYAH SAKINAH-GITHUB\\routes\\api\\index.js": {"path":"D:\\KM-BEJS-4\\Chapter 6\\CH6-BEJS-LUTHFIYAH SAKINAH-GITHUB\\routes\\api\\index.js","statementMap":{"0":{"start":{"line":1,"column":15},"end":{"line":1,"column":42}},"1":{"start":{"line":2,"column":21},"end":{"line":2,"column":48}},"2":{"start":{"line":3,"column":28},"end":{"line":3,"column":63}},"3":{"start":{"line":4,"column":28},"end":{"line":4,"column":63}},"4":{"start":{"line":5,"column":16},"end":{"line":5,"column":59}},"5":{"start":{"line":6,"column":19},"end":{"line":6,"column":46}},"6":{"start":{"line":7,"column":12},"end":{"line":7,"column":61}},"7":{"start":{"line":9,"column":0},"end":{"line":9,"column":32}},"8":{"start":{"line":10,"column":0},"end":{"line":10,"column":38}},"9":{"start":{"line":14,"column":0},"end":{"line":14,"column":60}},"10":{"start":{"line":15,"column":0},"end":{"line":15,"column":74}},"11":{"start":{"line":16,"column":0},"end":{"line":16,"column":74}},"12":{"start":{"line":18,"column":0},"end":{"line":18,"column":23}}},"fnMap":{},"branchMap":{},"s":{"0":5,"1":5,"2":5,"3":5,"4":5,"5":5,"6":5,"7":5,"8":5,"9":5,"10":5,"11":5,"12":5},"f":{},"b":{},"_coverageSchema":"1a1c01bbd47fc00a2c39e90264f33305004495a9","hash":"d59c40de7edbd6ca1eb11fd844f8e68089717524"}
,"D:\\KM-BEJS-4\\Chapter 6\\CH6-BEJS-LUTHFIYAH SAKINAH-GITHUB\\routes\\view\\index.js": {"path":"D:\\KM-BEJS-4\\Chapter 6\\CH6-BEJS-LUTHFIYAH SAKINAH-GITHUB\\routes\\view\\index.js","statementMap":{"0":{"start":{"line":1,"column":15},"end":{"line":1,"column":42}},"1":{"start":{"line":2,"column":18},"end":{"line":2,"column":46}},"2":{"start":{"line":3,"column":25},"end":{"line":3,"column":60}},"3":{"start":{"line":4,"column":25},"end":{"line":4,"column":60}},"4":{"start":{"line":8,"column":4},"end":{"line":10,"column":5}},"5":{"start":{"line":9,"column":6},"end":{"line":9,"column":20}},"6":{"start":{"line":11,"column":4},"end":{"line":11,"column":27}},"7":{"start":{"line":15,"column":0},"end":{"line":17,"column":2}},"8":{"start":{"line":16,"column":4},"end":{"line":16,"column":23}},"9":{"start":{"line":19,"column":0},"end":{"line":22,"column":45}},"10":{"start":{"line":20,"column":21},"end":{"line":20,"column":40}},"11":{"start":{"line":21,"column":2},"end":{"line":21,"column":27}},"12":{"start":{"line":22,"column":2},"end":{"line":22,"column":43}},"13":{"start":{"line":23,"column":0},"end":{"line":23,"column":56}},"14":{"start":{"line":24,"column":0},"end":{"line":24,"column":70}},"15":{"start":{"line":25,"column":0},"end":{"line":25,"column":70}},"16":{"start":{"line":28,"column":0},"end":{"line":28,"column":23}}},"fnMap":{"0":{"name":"checkAuthenticated","decl":{"start":{"line":7,"column":9},"end":{"line":7,"column":27}},"loc":{"start":{"line":7,"column":44},"end":{"line":12,"column":1}},"line":7},"1":{"name":"(anonymous_1)","decl":{"start":{"line":15,"column":16},"end":{"line":15,"column":17}},"loc":{"start":{"line":15,"column":30},"end":{"line":17,"column":1}},"line":15},"2":{"name":"(anonymous_2)","decl":{"start":{"line":19,"column":45},"end":{"line":19,"column":46}},"loc":{"start":{"line":19,"column":59},"end":{"line":22,"column":44}},"line":19}},"branchMap":{"0":{"loc":{"start":{"line":8,"column":4},"end":{"line":10,"column":5}},"type":"if","locations":[{"start":{"line":8,"column":4},"end":{"line":10,"column":5}},{"start":{},"end":{}}],"line":8}},"s":{"0":5,"1":5,"2":5,"3":5,"4":11,"5":0,"6":11,"7":5,"8":1,"9":5,"10":0,"11":0,"12":0,"13":5,"14":5,"15":5,"16":5},"f":{"0":11,"1":1,"2":0},"b":{"0":[0,11]},"_coverageSchema":"1a1c01bbd47fc00a2c39e90264f33305004495a9","hash":"3d6ad1fd2ad55e9dfce98d0975f3bced33483612"}
,"D:\\KM-BEJS-4\\Chapter 6\\CH6-BEJS-LUTHFIYAH SAKINAH-GITHUB\\routes\\view\\userGamesBiodataRouter.js": {"path":"D:\\KM-BEJS-4\\Chapter 6\\CH6-BEJS-LUTHFIYAH SAKINAH-GITHUB\\routes\\view\\userGamesBiodataRouter.js","statementMap":{"0":{"start":{"line":1,"column":16},"end":{"line":1,"column":34}},"1":{"start":{"line":2,"column":15},"end":{"line":2,"column":31}},"2":{"start":{"line":3,"column":12},"end":{"line":3,"column":72}},"3":{"start":{"line":5,"column":0},"end":{"line":5,"column":24}},"4":{"start":{"line":7,"column":0},"end":{"line":7,"column":27}},"5":{"start":{"line":8,"column":0},"end":{"line":8,"column":31}},"6":{"start":{"line":10,"column":0},"end":{"line":10,"column":47}},"7":{"start":{"line":11,"column":0},"end":{"line":11,"column":37}},"8":{"start":{"line":13,"column":0},"end":{"line":13,"column":34}},"9":{"start":{"line":14,"column":0},"end":{"line":14,"column":40}},"10":{"start":{"line":17,"column":0},"end":{"line":17,"column":23}}},"fnMap":{},"branchMap":{},"s":{"0":5,"1":5,"2":5,"3":5,"4":5,"5":5,"6":5,"7":5,"8":5,"9":5,"10":5},"f":{},"b":{},"_coverageSchema":"1a1c01bbd47fc00a2c39e90264f33305004495a9","hash":"e29c2dc4ee1075096fc27eebf57c79b6068d5570"}
,"D:\\KM-BEJS-4\\Chapter 6\\CH6-BEJS-LUTHFIYAH SAKINAH-GITHUB\\routes\\view\\userGamesHistoryRouter.js": {"path":"D:\\KM-BEJS-4\\Chapter 6\\CH6-BEJS-LUTHFIYAH SAKINAH-GITHUB\\routes\\view\\userGamesHistoryRouter.js","statementMap":{"0":{"start":{"line":1,"column":16},"end":{"line":1,"column":34}},"1":{"start":{"line":2,"column":15},"end":{"line":2,"column":31}},"2":{"start":{"line":3,"column":12},"end":{"line":3,"column":72}},"3":{"start":{"line":5,"column":0},"end":{"line":5,"column":24}},"4":{"start":{"line":7,"column":0},"end":{"line":7,"column":27}},"5":{"start":{"line":8,"column":0},"end":{"line":8,"column":31}},"6":{"start":{"line":10,"column":0},"end":{"line":10,"column":47}},"7":{"start":{"line":11,"column":0},"end":{"line":11,"column":38}},"8":{"start":{"line":12,"column":0},"end":{"line":12,"column":37}},"9":{"start":{"line":14,"column":0},"end":{"line":14,"column":34}},"10":{"start":{"line":15,"column":0},"end":{"line":15,"column":40}},"11":{"start":{"line":18,"column":0},"end":{"line":18,"column":23}}},"fnMap":{},"branchMap":{},"s":{"0":5,"1":5,"2":5,"3":5,"4":5,"5":5,"6":5,"7":5,"8":5,"9":5,"10":5,"11":5},"f":{},"b":{},"_coverageSchema":"1a1c01bbd47fc00a2c39e90264f33305004495a9","hash":"06885f9aa0f595b4f9fc8eee35cb977f2b076dc0"}
,"D:\\KM-BEJS-4\\Chapter 6\\CH6-BEJS-LUTHFIYAH SAKINAH-GITHUB\\routes\\view\\userGamesRouter.js": {"path":"D:\\KM-BEJS-4\\Chapter 6\\CH6-BEJS-LUTHFIYAH SAKINAH-GITHUB\\routes\\view\\userGamesRouter.js","statementMap":{"0":{"start":{"line":1,"column":16},"end":{"line":1,"column":34}},"1":{"start":{"line":2,"column":15},"end":{"line":2,"column":31}},"2":{"start":{"line":3,"column":12},"end":{"line":3,"column":65}},"3":{"start":{"line":4,"column":15},"end":{"line":4,"column":75}},"4":{"start":{"line":5,"column":15},"end":{"line":5,"column":75}},"5":{"start":{"line":7,"column":0},"end":{"line":7,"column":26}},"6":{"start":{"line":9,"column":0},"end":{"line":9,"column":36}},"7":{"start":{"line":10,"column":0},"end":{"line":10,"column":40}},"8":{"start":{"line":12,"column":0},"end":{"line":12,"column":35}},"9":{"start":{"line":13,"column":0},"end":{"line":13,"column":46}},"10":{"start":{"line":15,"column":0},"end":{"line":15,"column":46}},"11":{"start":{"line":16,"column":0},"end":{"line":16,"column":49}},"12":{"start":{"line":18,"column":0},"end":{"line":18,"column":58}},"13":{"start":{"line":19,"column":0},"end":{"line":19,"column":38}},"14":{"start":{"line":21,"column":0},"end":{"line":21,"column":48}},"15":{"start":{"line":22,"column":0},"end":{"line":22,"column":51}},"16":{"start":{"line":24,"column":0},"end":{"line":24,"column":58}},"17":{"start":{"line":25,"column":0},"end":{"line":25,"column":38}},"18":{"start":{"line":27,"column":0},"end":{"line":27,"column":48}},"19":{"start":{"line":28,"column":0},"end":{"line":28,"column":45}},"20":{"start":{"line":29,"column":0},"end":{"line":29,"column":51}},"21":{"start":{"line":31,"column":0},"end":{"line":31,"column":23}}},"fnMap":{},"branchMap":{},"s":{"0":5,"1":5,"2":5,"3":5,"4":5,"5":5,"6":5,"7":5,"8":5,"9":5,"10":5,"11":5,"12":5,"13":5,"14":5,"15":5,"16":5,"17":5,"18":5,"19":5,"20":5,"21":5},"f":{},"b":{},"_coverageSchema":"1a1c01bbd47fc00a2c39e90264f33305004495a9","hash":"5f5367942e2b5f3db5a21e07c5d322e07fc473a9"}
}
